2, 2
7, 7
6, 6
11, 17
13, 21
4, 4
5, 27
8, 26
9, 11
10, 16
10, 16
11, 17
8, 22
14, 16
14, 18
10, 18
16, 16
9, 19
13, 13
7, 7
10, 18
8, 18
11, 15
11, 21
12, 14
13, 21
14, 20
12, 22
6, 24
4, 28
10, 22
14, 15
12, 22
18, 18
4, 4
9, 23
12, 14
13, 17
4, 4
3, 3
2, 2
3, 3
1, 1
1, 1
3, 29
13, 23
14, 22
6, 22
17, 21
13, 15
15, 19
12, 18
5, 5
5, 23
9, 9
8, 8
16, 18
15, 17
12, 14
11, 13
11, 17
12, 24
11, 25
17, 19
12, 16
10, 19
14, 32
13, 13
12, 16
14, 14
3, 25
16, 18
17, 21
16, 22
7, 23
17, 17
16, 20
15, 21
17, 17
10, 22
19, 23
19, 25
9, 9
2, 2
9, 9
8, 8
9, 9
11, 13
2, 2
3, 3
6, 6
7, 7
8, 8
8, 8
9, 9
6, 6
12, 12
12, 12
8, 18
14, 14
7, 7
11, 14
5, 21
8, 8
6, 6
9, 9
9, 15
10, 10
11, 11
12, 12
10, 10
4, 24
2, 2
8, 8
12, 14
10, 14
16, 20
6, 6
7, 11
10, 14
11, 11
6, 6
5, 5
4, 4
5, 5
3, 3
1, 1
1, 1
11, 11
12, 20
4, 4
15, 15
11, 13
13, 13
10, 16
7, 7
3, 3
7, 7
10, 10
14, 16
13, 13
10, 10
9, 9
9, 9
10, 14
9, 9
15, 18
10, 10
8, 8
12, 18
11, 11
10, 14
12, 20
1, 1
14, 18
15, 27
14, 28
5, 5
15, 15
14, 14
13, 17
15, 21
8, 20
17, 29
17, 23
11, 11
7, 7
9, 9
1, 1
18, 26
20, 20
11, 31
12, 32
15, 27
16, 32
17, 31
17, 19
18, 26
15, 29
21, 23
21, 27
17, 33
23, 27
16, 32
20, 20
14, 14
17, 25
15, 15
18, 22
18, 24
19, 21
20, 20
21, 23
19, 29
13, 29
11, 31
17, 33
21, 26
19, 23
25, 31
3, 3
16, 30
19, 27
20, 22
5, 5
4, 4
5, 5
6, 6
6, 6
8, 8
10, 10
20, 20
21, 31
13, 35
24, 34
20, 30
22, 30
19, 29
2, 2
12, 30
16, 24
1, 1
23, 25
22, 28
19, 25
18, 20
18, 28
19, 29
18, 34
24, 24
19, 23
17, 25
21, 31
20, 28
19, 29
21, 21
10, 30
23, 29
24, 38
23, 29
14, 26
24, 28
23, 33
22, 28
24, 34
17, 33
26, 30
26, 30
2, 2
6, 6
8, 8
1, 1
17, 17
19, 19
10, 10
11, 27
14, 14
15, 15
16, 16
16, 22
17, 17
14, 14
20, 20
20, 20
16, 32
22, 22
15, 15
19, 19
13, 31
16, 16
14, 14
17, 17
17, 17
18, 18
19, 19
20, 20
18, 18
12, 12
10, 10
16, 16
20, 20
18, 18
24, 24
2, 2
15, 27
18, 18
19, 19
4, 4
3, 3
4, 4
5, 5
5, 5
7, 7
9, 9
19, 19
20, 28
12, 28
23, 27
19, 19
21, 21
18, 28
1, 1
11, 11
15, 15
2, 2
22, 25
21, 25
18, 22
17, 23
17, 17
18, 18
17, 17
23, 25
18, 18
16, 16
20, 30
19, 19
18, 18
20, 20
9, 9
22, 22
23, 31
22, 28
13, 13
23, 33
22, 22
21, 27
23, 23
16, 16
25, 33
25, 37
3, 3
11, 23
9, 9
18, 26
17, 25
2, 10
11, 11
6, 10
3, 13
2, 2
1, 12
3, 9
4, 12
3, 3
7, 7
7, 9
7, 17
13, 13
6, 6
6, 7
8, 18
7, 15
7, 9
4, 8
6, 14
3, 3
4, 4
3, 12
5, 15
5, 5
7, 16
5, 9
7, 11
5, 9
15, 21
15, 15
4, 12
5, 8
6, 7
15, 19
14, 14
13, 13
14, 22
12, 18
10, 20
8, 14
10, 10
11, 19
9, 17
14, 20
10, 20
12, 16
3, 13
16, 24
10, 14
2, 2
19, 19
9, 10
8, 8
5, 11
4, 8
8, 22
9, 21
8, 8
10, 14
1, 12
3, 3
11, 23
10, 10
9, 9
11, 21
10, 10
13, 23
14, 20
13, 25
4, 4
14, 22
13, 19
12, 16
14, 22
5, 13
16, 24
16, 24
20, 28
13, 13
11, 11
20, 26
19, 19
2, 2
9, 9
8, 14
5, 5
4, 4
3, 3
3, 11
6, 6
5, 5
5, 5
5, 11
5, 15
11, 11
4, 4
4, 10
6, 18
5, 5
5, 5
2, 2
4, 4
1, 1
2, 2
1, 23
3, 3
7, 7
9, 11
3, 3
5, 5
3, 10
13, 13
17, 19
6, 8
3, 3
4, 4
17, 19
16, 16
15, 15
16, 22
14, 20
12, 12
10, 10
8, 8
9, 17
7, 19
12, 12
8, 8
10, 12
1, 11
18, 18
8, 10
4, 4
21, 21
7, 7
6, 6
5, 13
2, 10
6, 6
7, 11
6, 6
8, 12
1, 1
5, 5
9, 17
8, 10
7, 7
9, 23
10, 10
11, 13
12, 16
11, 15
6, 6
12, 18
11, 11
10, 14
12, 12
7, 7
14, 20
14, 18
22, 28
4, 22
2, 24
11, 31
10, 32
11, 15
9, 13
5, 17
8, 21
9, 19
10, 19
10, 12
11, 17
8, 18
14, 17
14, 18
6, 20
12, 12
5, 17
13, 13
3, 21
6, 14
4, 22
7, 21
7, 19
8, 16
9, 23
10, 20
8, 18
6, 16
4, 20
6, 22
14, 16
12, 22
14, 20
8, 30
9, 21
12, 18
13, 17
8, 30
7, 7
6, 26
7, 27
5, 25
3, 23
3, 23
9, 19
10, 16
2, 22
13, 17
9, 19
11, 25
10, 16
9, 29
1, 21
9, 13
12, 32
16, 18
15, 18
12, 18
11, 19
7, 25
8, 20
7, 13
17, 17
10, 16
10, 16
10, 16
9, 25
8, 8
10, 26
1, 1
12, 16
12, 18
7, 19
13, 19
12, 18
11, 31
13, 19
10, 16
15, 15
15, 21
13, 31
5, 5
3, 21
12, 32
11, 33
6, 14
8, 14
5, 17
3, 19
4, 4
5, 17
5, 13
6, 12
3, 7
9, 10
9, 10
11, 13
17, 25
10, 14
8, 11
8, 16
11, 15
9, 19
10, 16
12, 12
9, 9
10, 14
9, 11
11, 15
1, 25
1, 1
11, 15
9, 13
7, 11
19, 25
9, 29
4, 18
7, 9
8, 9
9, 25
8, 24
7, 27
8, 30
6, 24
4, 24
2, 20
14, 24
15, 21
7, 21
18, 24
14, 18
16, 24
7, 11
10, 26
6, 18
4, 6
13, 29
11, 13
10, 10
7, 9
6, 10
12, 14
13, 19
12, 12
12, 14
7, 15
5, 5
15, 23
14, 14
13, 17
15, 17
4, 20
17, 19
17, 23
2, 20
18, 26
17, 23
16, 22
18, 24
5, 15
20, 26
20, 26
14, 34
8, 26
6, 6
15, 15
14, 14
3, 3
5, 5
8, 8
3, 19
1, 1
2, 2
4, 10
5, 13
2, 6
8, 8
8, 8
10, 20
16, 24
9, 9
7, 7
11, 19
10, 10
10, 10
7, 7
9, 11
6, 6
7, 7
6, 12
8, 8
2, 2
4, 4
8, 8
8, 11
6, 6
18, 22
12, 12
3, 7
6, 6
7, 7
12, 12
11, 11
10, 10
11, 23
9, 23
7, 11
5, 5
13, 13
14, 24
10, 12
17, 17
13, 13
15, 21
6, 10
13, 13
9, 17
3, 3
16, 16
10, 11
9, 10
6, 6
5, 5
11, 11
12, 20
11, 11
11, 11
4, 4
4, 4
14, 20
13, 13
12, 22
14, 22
7, 7
16, 22
17, 23
16, 22
1, 1
17, 19
16, 22
15, 19
17, 25
4, 6
19, 25
19, 29
17, 35
9, 17
7, 7
16, 18
15, 15
2, 2
4, 4
9, 9
4, 12
1, 1
1, 1
3, 11
4, 4
3, 3
7, 7
7, 7
9, 15
15, 25
8, 8
6, 6
10, 20
9, 9
9, 9
6, 6
8, 8
5, 5
6, 6
5, 15
7, 7
3, 3
5, 5
7, 13
7, 9
5, 5
17, 23
13, 13
4, 14
5, 5
6, 6
13, 29
12, 12
11, 11
12, 20
10, 10
8, 24
6, 6
12, 20
13, 21
11, 13
16, 20
12, 12
14, 16
5, 5
14, 14
10, 10
2, 2
17, 17
9, 10
8, 8
5, 5
4, 4
10, 10
11, 11
10, 10
10, 11
3, 3
3, 3
13, 21
12, 14
11, 21
13, 27
8, 8
15, 19
16, 20
15, 25
2, 2
16, 26
15, 21
14, 24
16, 22
5, 5
18, 26
18, 24
18, 32
10, 16
8, 8
17, 31
16, 16
1, 1
3, 5
10, 10
5, 5
2, 2
1, 1
2, 8
3, 7
2, 2
6, 6
6, 6
8, 18
14, 24
7, 7
5, 5
9, 15
8, 8
8, 14
5, 5
7, 13
4, 4
5, 5
4, 10
6, 16
4, 4
6, 6
6, 10
6, 11
4, 4
16, 24
14, 14
3, 7
4, 4
5, 5
14, 22
13, 13
12, 12
13, 13
11, 17
9, 23
7, 7
11, 11
12, 16
10, 12
15, 19
11, 11
13, 13
4, 8
15, 15
11, 11
1, 1
18, 18
8, 13
7, 9
4, 4
3, 3
9, 9
10, 16
9, 9
9, 13
2, 10
2, 2
12, 18
11, 11
10, 10
12, 18
9, 9
14, 18
15, 19
14, 18
3, 3
15, 25
14, 14
13, 23
15, 25
4, 14
17, 23
17, 23
19, 33
10, 20
8, 8
17, 24
16, 16
3, 3
3, 3
10, 10
5, 7
4, 4
3, 3
2, 2
3, 3
2, 2
4, 4
4, 4
8, 18
14, 14
7, 15
3, 4
9, 17
8, 8
8, 8
5, 5
7, 7
4, 4
5, 5
4, 10
6, 6
4, 4
6, 6
6, 6
4, 4
2, 2
16, 28
14, 14
3, 13
2, 2
3, 3
14, 14
13, 13
12, 12
13, 13
11, 19
9, 17
7, 7
11, 11
12, 24
10, 10
15, 17
11, 11
13, 19
2, 16
15, 15
11, 11
1, 1
18, 18
6, 12
5, 11
4, 4
1, 1
9, 9
10, 22
9, 9
7, 9
4, 4
2, 2
12, 20
11, 19
10, 10
12, 18
9, 9
14, 22
15, 25
14, 24
3, 3
15, 23
14, 20
13, 23
15, 21
4, 4
17, 25
17, 27
19, 21
11, 17
9, 9
18, 28
17, 17
4, 4
6, 6
11, 11
6, 12
5, 5
4, 4
3, 3
3, 13
3, 3
3, 3
3, 3
11, 15
17, 19
10, 10
2, 2
12, 16
11, 11
11, 11
8, 8
10, 18
7, 7
8, 8
7, 15
9, 17
5, 5
7, 7
9, 13
3, 8
3, 3
19, 25
15, 15
4, 8
3, 3
2, 2
15, 21
14, 14
13, 13
14, 18
12, 20
10, 16
8, 8
14, 28
15, 21
13, 19
18, 18
14, 14
16, 16
5, 9
16, 16
12, 16
2, 2
19, 19
5, 5
4, 4
1, 1
4, 4
12, 12
13, 27
12, 12
6, 10
5, 9
1, 1
15, 15
14, 18
13, 13
15, 17
10, 10
17, 17
18, 26
17, 23
4, 4
18, 24
17, 19
16, 24
18, 22
5, 9
20, 26
20, 26
20, 26
8, 12
6, 6
15, 27
14, 14
3, 3
5, 5
8, 8
3, 7
2, 2
3, 3
2, 2
2, 8
3, 3
6, 6
6, 6
10, 12
16, 24
9, 11
5, 9
11, 11
10, 10
10, 18
7, 7
9, 9
6, 6
7, 7
6, 10
8, 8
2, 2
4, 4
8, 8
6, 6
4, 4
18, 26
12, 12
1, 1
4, 4
5, 5
12, 12
11, 11
10, 10
11, 27
9, 19
7, 11
5, 5
13, 19
14, 20
10, 20
17, 17
13, 13
15, 17
4, 8
13, 13
9, 9
1, 1
16, 16
8, 8
7, 7
4, 4
3, 3
11, 11
12, 16
11, 11
9, 13
4, 4
2, 2
14, 20
13, 17
12, 12
14, 22
7, 7
16, 18
17, 23
16, 24
1, 1
17, 23
16, 22
15, 23
17, 25
2, 2
19, 27
19, 27
17, 31
14, 18
12, 16
21, 29
20, 24
7, 9
5, 5
14, 16
9, 11
8, 9
7, 9
6, 12
4, 8
3, 7
6, 11
2, 2
10, 12
16, 22
9, 20
1, 1
11, 15
10, 18
10, 20
7, 13
9, 12
6, 12
7, 12
6, 8
8, 18
8, 11
10, 10
8, 14
2, 2
2, 10
18, 21
18, 22
7, 12
3, 8
2, 13
18, 21
17, 20
16, 20
17, 19
15, 19
13, 15
11, 15
13, 21
14, 24
12, 19
17, 21
13, 19
15, 19
4, 10
19, 24
13, 19
5, 5
22, 32
2, 6
1, 3
2, 10
3, 3
11, 23
12, 18
11, 17
3, 5
6, 18
4, 6
14, 30
13, 23
12, 18
14, 26
13, 15
16, 20
17, 23
16, 24
7, 11
17, 21
16, 19
15, 23
17, 29
8, 10
19, 25
19, 25
23, 25
14, 14
12, 12
21, 23
20, 22
7, 9
5, 5
14, 16
9, 13
8, 11
7, 7
6, 6
4, 10
3, 3
6, 6
2, 2
10, 13
16, 16
9, 13
1, 1
11, 17
10, 10
10, 16
7, 7
9, 13
6, 6
7, 7
6, 10
8, 8
8, 8
10, 10
8, 12
2, 2
2, 2
18, 24
18, 21
7, 10
3, 3
2, 2
18, 18
17, 17
16, 16
17, 17
15, 17
13, 17
11, 11
13, 17
14, 20
12, 18
17, 27
13, 13
15, 27
4, 8
19, 19
13, 19
5, 8
22, 22
2, 2
1, 1
2, 2
3, 7
11, 15
12, 21
11, 11
3, 5
6, 8
4, 4
14, 24
13, 13
12, 16
14, 26
13, 13
16, 26
17, 22
16, 21
7, 7
17, 25
16, 22
15, 21
17, 22
8, 8
19, 25
19, 29
23, 25
10, 10
8, 8
17, 25
16, 16
7, 7
5, 5
6, 6
11, 19
10, 18
9, 9
8, 8
8, 16
11, 13
10, 10
10, 16
10, 10
8, 10
1, 1
9, 14
3, 11
2, 2
2, 2
3, 3
3, 3
4, 4
5, 5
6, 14
4, 4
12, 14
10, 10
2, 2
10, 16
8, 20
10, 14
14, 14
11, 19
8, 8
9, 15
14, 24
13, 13
12, 12
13, 21
11, 19
9, 25
9, 9
5, 13
6, 12
4, 12
9, 9
3, 3
7, 13
6, 14
15, 15
5, 5
9, 11
18, 18
12, 15
11, 15
10, 10
7, 7
3, 15
2, 18
1, 1
13, 16
6, 6
10, 10
6, 12
5, 5
4, 14
4, 4
7, 7
8, 10
9, 19
8, 10
11, 13
9, 19
8, 12
7, 11
9, 19
12, 12
11, 13
11, 15
19, 29
16, 20
14, 18
23, 27
22, 22
13, 19
11, 11
12, 14
17, 21
16, 24
15, 15
14, 14
14, 22
17, 17
16, 24
16, 20
16, 28
8, 10
7, 7
15, 23
9, 11
6, 6
8, 8
9, 13
9, 9
10, 18
11, 11
12, 16
10, 10
18, 18
16, 16
8, 8
16, 22
14, 28
4, 4
20, 24
17, 21
14, 26
15, 19
20, 24
19, 19
18, 18
19, 23
17, 21
15, 19
15, 15
3, 3
2, 16
10, 14
1, 1
7, 7
3, 3
12, 26
21, 25
11, 11
15, 21
24, 28
18, 21
17, 21
16, 28
13, 25
5, 5
8, 12
9, 11
19, 23
12, 12
16, 20
4, 14
5, 5
4, 4
6, 14
13, 17
2, 8
3, 11
2, 10
17, 17
3, 11
2, 2
1, 9
3, 19
18, 24
5, 13
5, 21
25, 37
9, 25
7, 17
16, 30
15, 25
6, 16
4, 4
5, 5
10, 18
9, 15
8, 16
7, 7
7, 21
10, 16
9, 13
9, 9
9, 9
1, 9
7, 7
8, 14
2, 22
1, 17
1, 23
2, 20
2, 8
3, 3
4, 4
5, 5
3, 21
11, 17
9, 9
1, 21
9, 19
7, 14
9, 15
13, 13
10, 14
7, 17
8, 19
13, 13
12, 22
11, 11
12, 22
10, 18
8, 18
8, 8
4, 12
5, 11
3, 3
8, 8
4, 14
6, 6
5, 15
14, 14
4, 18
8, 8
17, 27
11, 17
10, 12
9, 9
6, 6
2, 16
3, 15
2, 2
12, 18
5, 17
9, 13
5, 7
4, 4
3, 3
5, 13
6, 18
7, 9
8, 14
7, 13
10, 24
8, 14
7, 11
6, 10
8, 14
11, 19
10, 14
10, 14
18, 18
13, 13
11, 11
20, 20
19, 19
6, 10
4, 4
13, 15
8, 11
7, 7
6, 6
5, 5
3, 3
2, 2
5, 5
1, 1
1, 1
9, 18
15, 15
8, 11
10, 14
9, 15
9, 19
6, 6
8, 16
5, 5
6, 6
5, 5
7, 7
7, 7
9, 9
7, 7
1, 1
1, 1
17, 20
17, 17
6, 6
2, 2
1, 1
17, 17
16, 16
15, 15
16, 16
14, 16
12, 12
10, 10
12, 18
13, 13
11, 18
16, 19
12, 12
14, 14
3, 9
18, 18
12, 16
4, 4
21, 21
3, 3
2, 2
1, 1
2, 2
10, 10
11, 11
10, 21
4, 4
5, 8
3, 3
13, 13
12, 22
11, 13
13, 25
12, 12
15, 19
16, 20
15, 21
6, 6
16, 24
15, 17
14, 18
16, 22
7, 7
18, 24
18, 32
22, 24
7, 21
5, 5
14, 28
13, 13
8, 8
6, 8
3, 3
8, 18
11, 15
10, 14
9, 11
9, 17
12, 16
11, 15
11, 20
11, 11
3, 21
9, 9
2, 2
10, 18
3, 3
1, 1
4, 4
4, 20
5, 5
6, 6
7, 21
5, 9
9, 19
7, 7
3, 19
11, 17
9, 14
11, 17
11, 11
12, 18
9, 17
10, 16
11, 27
10, 10
9, 9
10, 28
8, 26
6, 24
6, 6
6, 6
7, 13
1, 1
10, 10
6, 16
8, 8
7, 17
12, 12
2, 20
10, 10
15, 15
13, 21
12, 14
11, 17
8, 14
4, 4
5, 17
4, 4
14, 22
7, 7
11, 15
7, 17
6, 6
5, 5
7, 27
4, 4
9, 11
10, 16
9, 13
10, 10
10, 14
9, 9
8, 12
10, 16
13, 19
12, 30
12, 18
16, 34
10, 18
8, 8
17, 33
16, 16
7, 7
5, 5
6, 6
11, 17
10, 10
9, 9
8, 8
8, 16
11, 11
10, 22
10, 16
10, 12
2, 8
6, 6
1, 1
9, 15
3, 3
2, 2
3, 19
3, 3
4, 4
5, 5
6, 22
4, 4
12, 12
10, 10
2, 2
10, 10
8, 14
8, 8
14, 30
11, 19
8, 8
9, 15
14, 30
13, 29
12, 28
13, 29
11, 27
9, 23
9, 25
3, 11
4, 10
4, 20
7, 13
5, 5
5, 21
6, 18
15, 31
5, 5
9, 21
18, 34
12, 18
11, 23
10, 14
7, 13
1, 1
4, 6
3, 15
13, 17
6, 22
10, 18
4, 10
3, 3
2, 16
4, 18
7, 15
6, 10
7, 15
6, 6
11, 15
7, 11
6, 10
5, 5
7, 11
12, 18
9, 17
9, 17
19, 33
8, 18
6, 6
15, 25
14, 24
7, 17
5, 7
4, 4
9, 13
10, 12
9, 9
8, 8
8, 16
11, 13
10, 14
10, 13
10, 13
2, 2
8, 12
1, 1
9, 15
1, 21
2, 10
3, 9
3, 9
4, 8
5, 19
6, 18
4, 8
10, 18
8, 16
2, 22
10, 20
8, 18
10, 10
12, 12
11, 15
8, 18
9, 19
12, 24
11, 23
10, 10
11, 23
9, 21
7, 7
7, 7
5, 13
6, 12
2, 24
9, 11
5, 7
7, 15
6, 18
13, 25
3, 19
9, 15
16, 16
12, 22
11, 21
10, 18
7, 13
3, 9
4, 4
3, 17
13, 16
6, 18
10, 14
6, 16
5, 5
4, 16
6, 6
5, 19
8, 14
9, 15
8, 14
11, 17
9, 13
8, 14
7, 13
9, 15
12, 14
11, 35
11, 17
17, 29
11, 21
9, 15
18, 18
17, 23
4, 16
2, 6
7, 23
10, 14
7, 15
6, 12
5, 11
5, 17
8, 9
7, 7
7, 13
7, 13
3, 25
9, 17
2, 20
6, 6
4, 10
3, 3
3, 23
2, 22
1, 7
4, 28
3, 21
3, 23
9, 11
11, 17
1, 21
7, 16
5, 13
11, 21
15, 19
8, 16
5, 13
6, 14
15, 25
14, 24
13, 23
14, 24
12, 26
10, 18
10, 18
6, 16
7, 25
5, 11
10, 14
6, 16
8, 26
3, 13
16, 20
6, 22
6, 11
19, 29
9, 18
8, 14
7, 15
4, 12
4, 10
5, 11
4, 20
10, 14
3, 9
7, 17
7, 13
6, 8
5, 23
7, 13
8, 18
9, 17
9, 15
8, 10
10, 16
9, 15
8, 14
10, 28
9, 13
12, 34
12, 32
20, 24
11, 17
9, 9
18, 24
17, 17
6, 10
4, 4
7, 17
12, 14
9, 9
8, 16
7, 14
7, 7
10, 14
9, 9
9, 17
9, 11
3, 19
9, 19
2, 8
8, 16
4, 10
3, 3
3, 9
2, 6
3, 23
2, 6
3, 3
1, 7
11, 15
11, 13
1, 1
9, 13
7, 7
11, 17
15, 15
10, 14
7, 13
8, 12
15, 21
14, 20
13, 13
14, 20
12, 24
10, 16
10, 10
6, 10
7, 17
5, 19
10, 18
6, 6
8, 12
5, 15
16, 22
6, 6
8, 8
19, 19
11, 12
10, 11
9, 11
6, 14
4, 18
5, 29
4, 4
12, 13
5, 15
9, 13
7, 13
6, 6
5, 17
7, 27
8, 8
9, 11
10, 20
9, 13
10, 16
10, 10
9, 19
8, 12
10, 16
11, 11
12, 18
12, 32
20, 32
12, 20
10, 14
19, 23
18, 20
3, 11
1, 1
8, 16
9, 11
6, 8
5, 13
4, 10
4, 18
7, 15
6, 14
6, 14
6, 10
4, 24
10, 14
3, 7
5, 9
5, 21
4, 12
4, 4
1, 1
3, 21
3, 5
2, 6
4, 22
8, 14
10, 14
2, 20
6, 11
4, 8
12, 18
16, 18
7, 9
4, 15
5, 13
16, 20
15, 23
14, 18
15, 19
13, 19
11, 15
11, 11
7, 11
8, 8
6, 10
11, 15
7, 17
9, 13
2, 16
17, 17
7, 7
5, 9
20, 30
8, 12
7, 15
6, 10
3, 23
5, 5
6, 10
5, 9
9, 13
2, 16
6, 8
8, 26
7, 19
6, 14
8, 12
9, 15
10, 12
11, 19
10, 16
7, 9
11, 17
10, 18
9, 13
11, 19
8, 12
13, 21
13, 17
21, 27
13, 17
11, 19
20, 26
19, 23
4, 8
2, 6
9, 9
10, 10
7, 14
6, 12
5, 12
5, 7
8, 12
7, 11
7, 16
7, 13
5, 21
11, 15
4, 6
6, 6
6, 8
5, 13
5, 19
4, 28
2, 22
3, 5
1, 23
1, 7
9, 17
11, 16
3, 5
7, 11
5, 13
13, 19
17, 21
8, 12
5, 15
6, 10
17, 17
16, 28
15, 22
16, 18
14, 20
12, 22
12, 14
8, 18
9, 17
7, 7
12, 16
8, 10
10, 14
3, 13
18, 24
8, 20
6, 6
21, 25
9, 17
8, 16
7, 8
4, 12
6, 12
7, 9
6, 14
10, 18
3, 9
7, 17
9, 13
8, 16
7, 13
9, 19
10, 14
11, 15
12, 18
11, 17
8, 8
12, 32
11, 27
10, 16
12, 12
9, 17
14, 20
14, 20
22, 28
14, 16
12, 12
21, 27
20, 20
3, 11
1, 7
10, 16
9, 15
6, 12
5, 11
4, 10
4, 16
7, 7
6, 8
6, 12
6, 8
6, 20
12, 14
5, 5
5, 5
7, 17
6, 14
6, 6
3, 25
3, 21
2, 6
1, 1
2, 22
8, 12
10, 12
4, 22
6, 11
4, 12
14, 20
18, 18
7, 13
4, 4
5, 9
18, 20
17, 17
16, 21
17, 17
15, 21
13, 17
11, 15
9, 13
10, 14
8, 16
13, 13
9, 11
11, 25
2, 10
19, 19
9, 9
5, 9
22, 22
8, 12
7, 11
6, 10
3, 3
7, 13
8, 22
7, 7
9, 13
2, 12
6, 10
10, 12
9, 11
8, 12
10, 24
11, 11
12, 14
13, 17
12, 16
7, 13
13, 19
12, 16
11, 17
13, 17
8, 12
15, 19
15, 19
23, 25
12, 18
10, 16
19, 27
18, 28
5, 7
3, 5
8, 18
11, 17
8, 16
7, 11
6, 14
6, 12
9, 19
8, 16
8, 10
8, 12
4, 16
10, 14
3, 21
7, 7
5, 19
4, 8
4, 8
3, 23
1, 23
4, 4
1, 7
2, 26
10, 15
12, 18
2, 24
8, 12
6, 12
12, 18
16, 24
9, 19
6, 12
7, 13
16, 22
15, 21
14, 22
15, 19
13, 19
11, 17
11, 15
7, 15
8, 14
6, 10
11, 15
7, 7
9, 17
4, 14
17, 25
7, 19
7, 12
20, 24
10, 11
9, 13
8, 18
5, 13
5, 29
6, 18
5, 23
11, 15
4, 4
8, 12
8, 8
7, 9
6, 18
8, 16
9, 9
10, 28
11, 29
10, 16
9, 15
11, 29
10, 16
9, 13
11, 29
10, 12
13, 19
13, 13
21, 25
6, 22
4, 18
13, 29
12, 28
5, 13
7, 7
6, 22
1, 1
2, 16
3, 15
4, 10
4, 16
5, 11
2, 12
8, 10
8, 10
12, 24
18, 20
11, 17
7, 7
9, 9
12, 22
10, 18
9, 15
11, 17
8, 13
9, 17
8, 14
10, 16
2, 24
10, 16
8, 11
6, 8
20, 24
10, 26
3, 21
6, 11
7, 13
10, 24
9, 29
8, 8
9, 27
7, 23
5, 21
3, 25
15, 15
16, 16
8, 14
19, 19
15, 17
17, 31
6, 12
11, 25
7, 15
3, 11
14, 28
10, 12
9, 15
6, 6
5, 9
13, 19
14, 26
13, 19
11, 11
6, 10
4, 12
16, 22
15, 21
14, 18
16, 22
5, 17
18, 20
19, 27
18, 22
1, 21
19, 25
18, 24
17, 23
19, 23
4, 18
21, 25
21, 25
15, 35
4, 22
2, 2
11, 29
10, 10
7, 7
9, 13
4, 4
1, 25
4, 20
5, 7
6, 10
6, 13
7, 13
4, 8
10, 11
10, 10
10, 18
16, 18
9, 15
9, 12
7, 21
10, 18
8, 8
11, 17
11, 17
10, 12
11, 19
10, 14
12, 12
2, 2
10, 14
10, 13
8, 16
18, 24
8, 26
5, 21
8, 12
9, 11
8, 30
7, 25
6, 6
7, 27
5, 29
3, 21
1, 1
13, 17
14, 20
6, 6
17, 21
13, 29
15, 23
8, 10
9, 9
5, 19
5, 5
12, 12
12, 12
11, 13
8, 12
7, 7
11, 25
12, 26
11, 25
13, 15
8, 16
6, 14
14, 14
13, 15
12, 16
14, 22
3, 3
16, 22
17, 23
16, 28
3, 19
17, 23
16, 22
15, 21
17, 23
6, 10
19, 25
19, 23
13, 37
10, 22
8, 8
17, 17
16, 16
5, 5
3, 3
6, 6
11, 16
8, 12
7, 9
6, 6
6, 14
9, 11
8, 10
8, 14
8, 22
2, 10
8, 8
1, 1
7, 13
3, 21
2, 2
2, 2
1, 1
1, 7
2, 2
3, 3
4, 22
2, 2
10, 12
10, 14
8, 18
6, 20
10, 16
14, 14
9, 23
6, 12
7, 10
14, 22
13, 13
12, 12
13, 21
11, 29
9, 9
9, 15
5, 5
6, 10
4, 18
9, 11
5, 7
7, 11
4, 14
15, 23
5, 19
7, 9
18, 18
10, 24
9, 23
8, 16
5, 11
3, 17
4, 16
3, 3
11, 17
4, 6
8, 8
6, 16
5, 5
4, 4
6, 14
7, 7
8, 14
9, 13
8, 14
9, 9
9, 13
8, 14
7, 7
9, 15
10, 16
11, 15
11, 17
19, 19
14, 17
12, 15
21, 23
20, 24
7, 9
5, 13
14, 14
9, 11
8, 12
7, 9
6, 7
4, 10
3, 7
6, 8
2, 6
2, 4
10, 16
16, 22
9, 13
1, 1
11, 19
10, 22
10, 20
7, 11
9, 17
6, 14
7, 11
6, 14
8, 8
8, 11
10, 16
8, 16
2, 2
18, 26
18, 19
7, 11
3, 8
2, 9
18, 20
17, 21
16, 18
17, 23
15, 25
13, 25
11, 25
13, 25
14, 20
12, 20
17, 23
13, 21
15, 19
4, 12
19, 20
13, 17
5, 11
22, 24
4, 6
3, 3
2, 10
3, 7
11, 13
12, 16
11, 16
5, 5
6, 9
4, 4
14, 28
13, 14
12, 18
14, 26
13, 14
16, 26
17, 25
16, 26
7, 10
17, 25
16, 22
15, 20
17, 22
8, 12
19, 25
19, 27
23, 28
12, 26
10, 15
19, 23
18, 18
5, 9
3, 10
12, 14
7, 11
6, 8
5, 7
4, 11
2, 6
3, 9
4, 11
2, 8
2, 8
8, 15
14, 20
7, 15
1, 1
9, 17
8, 14
8, 14
5, 15
7, 13
4, 12
5, 11
4, 8
6, 14
6, 8
8, 10
6, 12
2, 6
16, 22
16, 18
5, 9
2, 12
2, 2
16, 26
15, 27
14, 18
15, 17
13, 17
11, 25
9, 23
11, 18
12, 20
10, 16
15, 20
11, 18
13, 19
2, 14
17, 21
11, 17
3, 11
20, 22
4, 8
3, 9
2, 8
1, 8
9, 17
10, 26
9, 19
5, 13
4, 8
4, 7
12, 22
11, 23
10, 21
12, 22
11, 14
14, 16
15, 23
14, 20
5, 9
15, 23
14, 20
13, 21
15, 27
6, 12
17, 29
17, 19
21, 25
18, 24
16, 16
25, 29
24, 28
15, 17
13, 17
14, 20
19, 27
18, 20
17, 21
16, 26
16, 22
19, 29
18, 24
18, 32
18, 26
10, 12
4, 20
9, 13
17, 22
11, 29
8, 16
10, 30
11, 21
11, 21
12, 28
13, 19
14, 20
12, 16
20, 24
18, 24
10, 14
18, 21
16, 24
22, 28
19, 25
16, 24
17, 23
22, 28
21, 33
20, 30
21, 25
19, 23
17, 21
17, 23
5, 11
4, 12
12, 32
5, 21
9, 13
7, 9
14, 14
23, 29
13, 19
17, 25
26, 32
20, 28
19, 23
18, 18
15, 23
7, 17
10, 14
11, 13
21, 35
14, 20
18, 20
8, 8
7, 15
6, 10
8, 10
15, 21
6, 10
4, 4
19, 25
3, 3
2, 2
3, 3
1, 1
20, 26
1, 1
1, 1
27, 41
4, 4
6, 6
3, 3
2, 2
15, 27
17, 23
8, 30
9, 31
12, 24
13, 23
14, 14
14, 20
15, 21
12, 26
18, 18
18, 22
14, 30
20, 24
13, 13
17, 21
11, 33
14, 30
12, 26
15, 19
15, 27
16, 18
17, 19
18, 24
16, 22
10, 24
8, 30
14, 22
18, 24
16, 16
22, 34
13, 25
16, 19
17, 20
2, 2
1, 1
2, 2
3, 3
3, 3
5, 5
7, 29
17, 27
18, 32
10, 24
21, 31
17, 27
19, 27
16, 18
1, 1
9, 31
13, 25
4, 4
20, 26
19, 29
16, 24
15, 21
15, 29
16, 26
15, 29
21, 23
16, 24
14, 22
18, 26
17, 31
16, 20
18, 26
7, 27
20, 30
21, 27
20, 32
11, 29
21, 25
20, 24
19, 23
21, 25
14, 26
23, 41
23, 33
5, 5
9, 25
7, 11
16, 26
15, 19
4, 12
6, 11
9, 19
4, 20
3, 9
4, 14
3, 5
3, 9
4, 9
1, 1
7, 11
7, 11
11, 15
17, 21
10, 12
6, 8
12, 16
11, 13
11, 19
8, 10
10, 12
7, 9
8, 12
7, 13
9, 13
3, 13
5, 21
9, 11
7, 9
5, 11
19, 25
13, 27
5, 7
6, 12
13, 25
12, 16
11, 27
12, 28
10, 22
8, 22
6, 22
14, 18
15, 23
11, 11
18, 22
14, 19
16, 24
5, 13
14, 28
10, 14
2, 2
17, 21
9, 11
8, 12
5, 11
4, 4
12, 16
13, 21
12, 14
10, 12
5, 5
3, 7
15, 19
14, 16
13, 21
15, 23
8, 16
17, 19
18, 26
17, 25
2, 16
18, 24
17, 25
16, 24
18, 22
1, 1
20, 26
20, 24
18, 30
12, 18
10, 14
19, 21
18, 26
5, 8
3, 11
12, 22
7, 7
6, 14
5, 8
4, 12
2, 8
3, 11
4, 7
3, 10
3, 10
8, 14
14, 22
7, 15
2, 2
9, 17
8, 14
8, 15
5, 13
7, 13
4, 8
5, 13
4, 10
6, 12
6, 10
8, 12
6, 16
3, 10
2, 3
16, 24
16, 20
5, 8
1, 7
16, 18
15, 17
14, 18
15, 19
13, 17
11, 13
9, 17
11, 21
12, 18
10, 14
15, 21
11, 19
13, 19
2, 8
17, 21
11, 15
3, 7
20, 32
5, 7
4, 15
2, 2
1, 5
9, 21
10, 23
9, 21
6, 7
4, 12
4, 4
12, 22
11, 19
10, 17
12, 20
11, 23
14, 16
15, 25
14, 16
5, 12
15, 23
14, 28
13, 17
15, 27
6, 12
17, 27
17, 24
21, 27
13, 18
11, 13
20, 22
19, 22
6, 11
4, 13
13, 14
8, 10
7, 7
6, 8
5, 7
3, 6
2, 3
5, 9
2, 2
2, 5
9, 15
15, 19
8, 13
1, 1
10, 15
9, 11
9, 13
6, 10
8, 12
5, 13
6, 11
5, 9
7, 15
7, 11
9, 15
7, 11
2, 9
2, 9
17, 17
17, 19
6, 12
1, 12
17, 20
16, 18
15, 18
16, 26
14, 26
12, 13
10, 12
12, 22
13, 23
11, 15
16, 18
12, 23
14, 22
3, 10
18, 19
12, 18
4, 5
21, 22
4, 5
3, 5
1, 7
2, 3
10, 18
11, 15
10, 15
5, 12
5, 7
3, 8
13, 19
12, 18
11, 15
13, 21
12, 15
15, 20
16, 20
15, 21
6, 8
16, 21
15, 23
14, 20
16, 24
7, 9
18, 23
18, 28
22, 24
4, 4
6, 6
5, 5
4, 4
15, 19
17, 25
8, 30
9, 31
12, 26
13, 13
14, 20
14, 22
15, 25
12, 28
18, 21
18, 24
14, 22
20, 24
13, 21
17, 17
11, 11
14, 30
12, 24
15, 23
15, 21
16, 16
17, 19
18, 24
16, 16
10, 10
8, 26
14, 20
18, 20
16, 20
22, 22
2, 2
13, 29
16, 20
17, 21
1, 1
2, 2
3, 3
3, 3
5, 5
7, 29
17, 27
18, 22
10, 10
21, 21
17, 27
19, 23
16, 18
3, 3
9, 31
13, 25
6, 6
20, 26
19, 21
16, 20
15, 19
15, 21
16, 28
15, 21
21, 25
16, 22
14, 22
18, 28
17, 25
16, 28
18, 26
7, 29
20, 26
21, 25
20, 24
11, 11
21, 27
20, 26
19, 25
21, 25
14, 28
23, 29
23, 29
7, 7
3, 3
5, 5
4, 4
3, 3
14, 24
16, 18
7, 27
8, 24
11, 29
12, 28
13, 27
13, 21
14, 22
11, 21
17, 21
17, 18
13, 21
19, 21
12, 20
16, 19
10, 28
13, 29
11, 29
14, 18
14, 20
15, 19
16, 36
17, 25
15, 19
9, 25
7, 25
13, 25
17, 19
15, 17
21, 25
1, 1
12, 26
15, 15
16, 19
1, 1
1, 1
2, 2
2, 2
4, 4
6, 32
16, 16
17, 23
9, 27
20, 24
16, 18
18, 32
15, 27
2, 2
8, 24
12, 24
5, 5
19, 21
18, 20
15, 17
14, 20
14, 32
15, 27
14, 28
20, 23
15, 21
13, 20
17, 23
16, 24
15, 15
17, 25
6, 6
19, 33
20, 36
19, 33
10, 22
20, 20
19, 31
18, 24
20, 26
13, 27
22, 26
22, 28
6, 6
2, 2
4, 4
5, 5
4, 4
13, 23
15, 21
6, 6
7, 25
10, 14
11, 13
12, 12
12, 14
13, 15
10, 26
16, 18
16, 18
12, 20
18, 22
11, 11
15, 18
9, 23
12, 20
10, 10
13, 19
13, 13
14, 14
15, 15
16, 18
14, 18
8, 24
6, 6
12, 12
16, 18
14, 16
20, 24
2, 2
11, 23
14, 18
15, 17
2, 2
1, 1
1, 1
1, 1
3, 3
5, 5
15, 19
16, 22
8, 8
19, 23
15, 25
17, 25
14, 20
3, 3
7, 25
11, 11
6, 6
18, 19
17, 20
14, 14
13, 13
13, 27
14, 26
13, 13
19, 20
14, 14
12, 14
16, 16
15, 15
14, 14
16, 24
5, 27
18, 20
19, 25
18, 22
9, 21
19, 25
18, 24
17, 21
19, 23
12, 26
21, 37
21, 25
7, 7
3, 3
5, 5
6, 6
5, 5
14, 24
16, 22
7, 29
8, 28
11, 29
12, 12
13, 21
13, 23
14, 16
11, 25
17, 25
17, 19
13, 29
19, 23
12, 20
16, 16
10, 28
13, 29
11, 11
14, 20
14, 20
15, 15
16, 18
17, 17
15, 19
9, 29
7, 27
13, 21
17, 18
15, 19
21, 27
3, 3
12, 26
15, 19
16, 18
3, 3
2, 2
1, 1
2, 2
4, 4
6, 6
16, 20
17, 17
9, 29
20, 24
16, 26
18, 26
15, 25
4, 4
8, 24
12, 12
7, 7
19, 21
18, 18
15, 19
14, 16
14, 14
15, 27
14, 14
20, 26
15, 19
13, 13
17, 27
16, 16
15, 15
17, 25
6, 6
19, 21
20, 26
19, 25
10, 26
20, 30
19, 19
18, 24
20, 32
13, 27
22, 34
22, 34
8, 8
1, 1
3, 3
6, 6
5, 5
12, 12
14, 14
5, 5
6, 24
9, 9
10, 10
11, 11
11, 21
12, 12
9, 9
15, 17
15, 15
11, 27
17, 21
10, 10
14, 14
8, 8
11, 11
9, 9
12, 12
12, 20
13, 13
14, 14
15, 19
13, 13
7, 21
5, 25
11, 22
15, 17
13, 15
19, 25
3, 3
10, 10
13, 17
14, 16
3, 3
2, 2
1, 1
2, 2
2, 2
4, 24
14, 14
15, 23
7, 7
18, 20
14, 24
16, 24
13, 17
4, 4
6, 24
10, 10
7, 7
17, 19
16, 16
13, 13
12, 12
12, 26
13, 25
12, 12
18, 18
13, 17
11, 11
15, 29
14, 14
13, 13
15, 23
4, 4
17, 23
18, 24
17, 23
8, 8
18, 24
17, 17
16, 28
18, 22
11, 21
20, 32
20, 26
8, 8
1, 1
1, 1
8, 8
7, 7
10, 10
12, 18
3, 3
4, 22
7, 7
8, 8
9, 9
9, 17
10, 10
7, 7
13, 13
13, 13
9, 23
15, 15
8, 8
12, 15
6, 20
9, 9
7, 19
10, 10
10, 16
11, 11
12, 12
13, 21
11, 21
5, 23
3, 23
9, 21
13, 20
11, 19
17, 17
5, 5
8, 12
11, 15
12, 12
5, 5
4, 4
3, 3
4, 4
2, 2
2, 2
12, 12
13, 17
5, 23
16, 18
12, 22
14, 22
11, 13
6, 6
4, 20
8, 8
9, 9
15, 17
14, 14
11, 11
10, 10
10, 24
11, 23
10, 10
16, 18
11, 17
9, 9
13, 29
12, 12
11, 23
13, 13
2, 2
15, 21
16, 20
15, 21
6, 6
16, 20
15, 15
14, 20
16, 22
9, 19
18, 28
18, 22
10, 10
3, 23
1, 1
10, 30
9, 31
8, 16
10, 12
3, 23
2, 22
5, 25
6, 10
7, 21
7, 13
8, 14
5, 17
11, 13
11, 13
9, 17
15, 19
8, 20
10, 12
6, 22
9, 21
7, 21
10, 20
10, 18
11, 13
12, 12
11, 21
11, 11
3, 23
1, 25
9, 15
11, 14
9, 13
17, 21
7, 31
6, 10
9, 19
10, 11
7, 31
6, 28
5, 31
6, 26
4, 28
2, 22
12, 20
13, 21
5, 5
16, 20
12, 22
14, 14
9, 15
8, 28
4, 18
6, 6
11, 11
13, 15
12, 14
9, 13
8, 8
10, 24
11, 11
10, 24
14, 15
9, 21
7, 13
13, 15
12, 22
11, 23
13, 21
2, 24
15, 27
16, 26
15, 27
4, 4
16, 22
15, 19
14, 20
16, 22
7, 11
18, 22
18, 24
12, 34
13, 29
11, 15
20, 30
19, 29
10, 20
8, 14
9, 19
14, 22
13, 21
12, 22
11, 23
11, 19
14, 18
13, 17
13, 17
13, 21
5, 15
3, 7
4, 12
12, 18
6, 24
3, 11
5, 9
6, 16
6, 14
7, 17
8, 8
9, 19
7, 11
15, 19
13, 23
5, 15
13, 23
11, 24
5, 11
17, 27
14, 20
11, 17
12, 15
17, 25
16, 26
15, 25
16, 24
14, 24
12, 22
12, 16
1, 9
7, 7
4, 6
4, 10
4, 4
9, 19
18, 26
8, 18
12, 22
21, 31
15, 27
14, 19
13, 23
10, 16
2, 10
5, 11
6, 6
16, 24
9, 15
13, 15
3, 7
2, 2
1, 9
3, 9
10, 10
5, 13
4, 10
3, 9
14, 18
4, 10
3, 9
2, 2
4, 4
15, 21
6, 12
6, 20
22, 32
14, 22
12, 12
21, 29
20, 20
11, 17
9, 9
10, 10
15, 21
14, 22
13, 13
12, 12
12, 24
15, 23
14, 20
14, 18
14, 20
6, 12
2, 2
5, 9
13, 19
7, 27
4, 4
6, 6
7, 7
7, 7
8, 8
9, 9
10, 18
8, 8
16, 16
14, 14
6, 12
14, 28
12, 19
4, 4
18, 18
15, 23
12, 20
13, 19
18, 24
17, 17
16, 16
17, 23
15, 25
13, 19
13, 13
1, 1
8, 16
3, 3
5, 5
5, 5
10, 16
19, 19
9, 9
13, 21
22, 22
16, 18
15, 15
14, 20
11, 13
3, 3
6, 8
7, 13
17, 27
10, 10
14, 20
4, 4
3, 3
2, 2
4, 8
11, 15
4, 18
3, 11
2, 10
15, 15
3, 11
2, 2
1, 9
3, 11
16, 24
5, 13
5, 13
23, 29
6, 6
4, 20
13, 27
12, 34
9, 21
7, 19
2, 20
7, 7
10, 14
11, 19
10, 16
10, 14
13, 17
10, 14
12, 16
12, 16
4, 20
10, 12
3, 3
11, 15
1, 23
4, 20
2, 24
5, 11
5, 19
6, 22
7, 7
8, 20
6, 20
8, 18
6, 18
4, 22
12, 16
10, 15
12, 34
10, 24
11, 13
10, 20
11, 17
10, 26
9, 29
8, 8
9, 25
7, 7
5, 23
5, 23
7, 17
8, 16
11, 15
7, 7
9, 17
8, 20
11, 27
1, 23
11, 13
14, 30
14, 20
13, 19
12, 18
9, 19
5, 11
6, 6
5, 21
15, 19
8, 18
12, 18
8, 14
7, 9
6, 18
8, 28
3, 25
10, 12
11, 31
10, 10
9, 15
11, 17
10, 16
9, 13
11, 31
12, 16
13, 17
13, 19
15, 29
17, 17
15, 31
24, 26
23, 25
14, 18
12, 16
13, 13
18, 26
17, 21
16, 20
15, 23
15, 19
18, 20
17, 23
17, 29
17, 23
9, 11
1, 9
8, 12
16, 19
10, 28
7, 13
9, 9
10, 16
10, 10
11, 13
12, 16
13, 13
11, 13
19, 23
17, 27
9, 29
17, 23
15, 21
5, 19
21, 25
18, 22
15, 19
16, 18
21, 35
20, 24
19, 21
20, 20
18, 20
16, 18
16, 18
4, 14
3, 3
11, 15
6, 12
2, 2
13, 27
22, 32
12, 14
16, 24
25, 29
19, 22
18, 24
17, 27
14, 18
6, 14
7, 7
8, 8
20, 24
13, 17
17, 19
3, 15
4, 6
5, 13
5, 13
14, 16
1, 17
4, 18
3, 9
18, 24
4, 10
3, 17
2, 16
4, 10
19, 27
6, 20
6, 20
26, 30
13, 23
11, 21
20, 30
19, 21
10, 20
8, 20
9, 11
14, 24
13, 17
12, 20
11, 18
11, 19
14, 16
13, 25
13, 27
13, 19
3, 3
7, 11
4, 6
12, 18
6, 16
5, 13
5, 15
6, 20
6, 26
7, 7
8, 26
9, 29
7, 21
15, 17
13, 19
5, 15
13, 22
11, 19
9, 11
17, 27
14, 20
11, 16
12, 18
17, 31
16, 26
15, 25
16, 26
14, 26
12, 20
12, 30
4, 10
5, 9
7, 17
6, 12
4, 14
9, 21
18, 28
8, 24
12, 16
21, 23
15, 19
14, 16
13, 17
10, 22
4, 4
1, 17
2, 16
16, 26
9, 19
13, 17
3, 15
2, 2
3, 11
1, 17
10, 20
5, 13
8, 16
7, 7
14, 20
8, 16
7, 9
6, 8
8, 16
15, 19
10, 18
10, 14
22, 32
15, 19
13, 21
22, 30
21, 21
12, 14
10, 16
11, 19
16, 20
15, 19
14, 20
13, 17
13, 23
16, 18
15, 23
15, 21
15, 25
7, 13
3, 3
6, 8
14, 24
8, 30
5, 5
7, 7
8, 8
8, 16
9, 9
10, 10
11, 15
9, 9
17, 17
15, 15
7, 7
15, 21
13, 21
7, 7
19, 19
16, 20
13, 25
14, 16
19, 27
18, 18
17, 25
18, 26
16, 26
14, 24
14, 22
4, 4
5, 5
9, 17
2, 2
4, 4
11, 19
20, 20
10, 10
14, 20
23, 23
17, 21
16, 28
15, 19
12, 16
4, 4
5, 5
6, 6
18, 24
11, 15
15, 21
1, 9
2, 2
3, 3
3, 9
12, 14
1, 17
6, 20
5, 7
16, 22
6, 8
5, 5
4, 6
6, 6
17, 23
8, 18
8, 10
24, 24
12, 17
10, 14
19, 21
18, 22
3, 9
1, 1
10, 16
7, 11
6, 11
5, 9
4, 8
2, 10
5, 11
4, 6
4, 4
4, 7
6, 16
12, 20
5, 19
3, 8
7, 17
6, 16
6, 20
3, 13
5, 15
2, 12
3, 13
2, 12
4, 14
6, 12
8, 20
4, 6
4, 11
2, 9
14, 18
16, 20
5, 11
2, 12
3, 9
16, 20
15, 25
14, 20
15, 19
13, 19
11, 17
9, 15
9, 13
10, 28
8, 18
13, 25
9, 21
11, 23
17, 19
9, 17
3, 9
20, 26
6, 8
5, 9
4, 6
1, 15
7, 13
8, 20
7, 13
7, 17
2, 12
4, 7
10, 20
9, 13
8, 8
10, 22
11, 16
12, 16
13, 17
12, 18
5, 9
13, 19
12, 14
11, 17
13, 17
6, 11
15, 17
15, 19
21, 31
5, 5
7, 7
2, 2
1, 1
16, 16
18, 18
9, 9
10, 26
13, 13
14, 14
15, 15
15, 21
16, 22
13, 13
19, 19
19, 21
15, 31
21, 21
14, 14
18, 21
12, 30
15, 15
13, 13
16, 16
16, 16
17, 17
18, 18
19, 25
17, 17
11, 11
9, 9
15, 15
19, 19
17, 17
23, 23
1, 1
14, 30
17, 17
18, 20
3, 3
2, 2
3, 3
4, 4
4, 4
6, 6
8, 8
18, 18
19, 27
11, 31
22, 22
18, 18
20, 20
17, 19
10, 10
14, 14
3, 3
21, 23
20, 20
17, 17
16, 16
16, 16
17, 17
16, 16
22, 24
17, 17
15, 15
19, 25
18, 18
17, 29
19, 19
8, 8
21, 27
22, 28
21, 25
12, 12
22, 28
21, 21
20, 24
22, 26
15, 15
24, 30
24, 30
4, 4
5, 23
3, 3
12, 32
11, 11
10, 10
8, 8
1, 1
6, 16
9, 9
10, 10
11, 11
11, 13
12, 18
9, 9
13, 17
13, 16
5, 21
11, 11
4, 4
12, 15
2, 22
5, 5
3, 3
6, 6
6, 6
7, 7
8, 8
9, 9
7, 7
7, 7
5, 5
5, 5
13, 19
11, 15
13, 13
9, 9
10, 20
11, 17
12, 16
9, 31
8, 8
7, 7
8, 8
6, 24
4, 20
4, 4
8, 8
9, 15
1, 1
12, 12
8, 8
10, 10
9, 19
10, 10
10, 10
13, 13
15, 19
14, 18
13, 13
10, 18
6, 6
7, 19
6, 6
16, 24
9, 21
11, 19
9, 19
8, 8
7, 7
9, 9
2, 2
11, 17
12, 18
11, 17
8, 8
12, 16
11, 11
10, 16
12, 18
11, 11
14, 18
14, 18
14, 30
9, 13
7, 19
16, 26
15, 27
2, 6
4, 10
9, 17
4, 18
3, 13
2, 22
1, 5
1, 7
2, 8
1, 5
5, 7
5, 7
9, 11
15, 21
8, 13
4, 8
10, 14
9, 19
9, 15
6, 14
8, 12
5, 9
6, 14
5, 9
7, 11
3, 11
5, 17
7, 13
5, 6
3, 9
17, 23
13, 21
2, 22
3, 11
4, 12
13, 27
12, 24
11, 19
12, 24
10, 20
8, 20
6, 14
12, 16
13, 21
11, 11
16, 24
12, 16
14, 20
3, 9
14, 16
10, 14
17, 25
7, 9
6, 6
3, 5
2, 7
10, 20
11, 17
10, 12
8, 8
3, 11
1, 8
13, 23
12, 14
11, 19
13, 13
8, 20
15, 19
15, 21
2, 10
16, 24
15, 21
14, 20
16, 26
3, 25
18, 22
18, 22
18, 30
8, 8
10, 10
1, 1
2, 2
19, 25
21, 29
12, 12
13, 35
16, 20
17, 29
18, 28
18, 20
19, 25
16, 28
22, 25
22, 24
18, 34
24, 26
17, 27
21, 24
15, 33
18, 26
16, 32
19, 31
19, 25
20, 22
21, 23
22, 40
20, 20
14, 30
12, 12
18, 26
22, 27
20, 24
26, 32
4, 4
17, 21
20, 32
21, 25
6, 6
5, 5
6, 6
7, 7
7, 7
9, 9
11, 33
21, 31
22, 22
14, 36
25, 35
21, 35
23, 31
20, 22
3, 3
13, 31
17, 17
24, 26
23, 25
20, 22
19, 19
19, 33
20, 32
19, 25
25, 27
20, 30
18, 26
22, 32
21, 21
20, 24
22, 30
11, 11
24, 34
25, 29
24, 28
15, 29
25, 35
24, 28
23, 33
25, 31
18, 28
27, 33
27, 33
1, 1
16, 20
14, 17
23, 27
22, 24
9, 11
7, 7
16, 19
11, 12
10, 10
9, 10
8, 8
6, 7
5, 5
8, 8
2, 2
2, 2
12, 18
18, 22
11, 15
3, 3
13, 20
12, 21
12, 20
9, 9
11, 15
8, 16
9, 13
8, 12
10, 15
10, 10
12, 14
10, 14
4, 6
4, 4
20, 30
20, 22
9, 9
5, 5
4, 4
20, 23
19, 19
18, 21
19, 19
17, 19
15, 19
13, 17
15, 27
16, 18
14, 22
19, 21
15, 19
17, 23
6, 6
21, 23
15, 23
7, 7
24, 24
1, 1
4, 4
5, 5
13, 13
14, 23
13, 21
1, 1
8, 12
6, 6
16, 20
15, 21
14, 16
16, 16
15, 19
18, 28
19, 21
18, 26
9, 9
19, 27
18, 22
17, 23
19, 27
10, 14
21, 25
21, 23
25, 27
15, 17
13, 14
22, 22
21, 22
8, 10
6, 6
15, 17
10, 12
9, 9
8, 9
7, 7
5, 7
4, 4
7, 8
1, 1
1, 1
11, 15
17, 25
10, 16
2, 2
12, 18
11, 13
11, 21
8, 16
10, 12
7, 11
8, 9
7, 8
9, 14
9, 9
11, 13
9, 17
3, 3
3, 3
19, 27
19, 21
8, 9
4, 4
3, 3
19, 19
18, 21
17, 18
18, 18
16, 17
14, 14
12, 12
14, 24
15, 19
13, 19
18, 20
14, 17
16, 18
5, 9
20, 23
14, 18
6, 7
23, 23
1, 1
3, 3
4, 4
12, 16
13, 17
12, 18
2, 2
7, 17
5, 5
15, 21
14, 17
13, 16
15, 31
14, 18
17, 23
18, 20
17, 23
8, 10
18, 24
17, 25
16, 20
18, 22
9, 9
20, 21
20, 28
24, 27
12, 22
10, 12
19, 25
18, 21
5, 7
5, 9
12, 16
7, 9
6, 8
5, 9
4, 6
4, 10
1, 7
4, 10
2, 10
2, 8
10, 12
16, 22
9, 19
1, 9
11, 17
10, 26
10, 18
7, 13
9, 11
6, 7
7, 11
6, 10
8, 22
6, 10
8, 10
8, 16
2, 6
2, 10
18, 22
16, 20
5, 11
2, 7
1, 5
16, 18
15, 18
14, 20
15, 18
13, 17
11, 13
9, 17
13, 19
14, 16
12, 14
17, 21
13, 21
15, 19
4, 12
17, 19
13, 17
3, 5
20, 24
4, 8
3, 4
3, 3
11, 19
12, 20
11, 15
5, 17
6, 8
2, 6
14, 24
13, 17
12, 18
14, 22
11, 13
16, 18
17, 23
16, 22
5, 13
17, 27
16, 22
15, 25
17, 23
6, 12
19, 23
19, 19
21, 29
11, 23
9, 15
18, 22
17, 17
4, 8
2, 10
11, 13
6, 12
5, 9
4, 10
3, 7
1, 7
4, 5
3, 7
3, 9
3, 6
7, 21
13, 21
6, 14
2, 2
8, 16
7, 15
7, 15
4, 12
6, 18
3, 11
4, 12
3, 11
5, 13
5, 11
7, 13
5, 9
3, 7
1, 9
15, 23
15, 25
4, 8
1, 7
2, 6
15, 23
14, 20
13, 19
14, 19
12, 16
10, 15
8, 10
10, 22
11, 25
9, 19
14, 20
10, 18
12, 16
1, 11
16, 20
10, 18
2, 7
19, 23
5, 9
4, 8
3, 5
8, 20
9, 17
8, 16
6, 10
3, 13
3, 3
11, 17
10, 10
9, 23
11, 21
10, 16
13, 21
14, 26
13, 21
4, 6
14, 22
13, 19
12, 24
14, 22
5, 9
16, 24
16, 16
20, 25
11, 17
9, 9
18, 24
17, 31
8, 22
6, 14
7, 21
12, 18
11, 19
10, 18
9, 23
9, 17
12, 20
11, 21
11, 17
11, 17
3, 15
5, 5
2, 16
10, 13
4, 18
1, 1
3, 9
4, 16
4, 18
5, 19
6, 20
7, 13
5, 11
13, 17
11, 25
3, 9
11, 19
9, 15
7, 17
15, 29
12, 20
9, 19
10, 14
15, 29
14, 20
13, 27
14, 24
12, 26
10, 10
10, 16
2, 10
3, 15
5, 11
6, 6
4, 4
4, 4
7, 21
16, 22
6, 20
10, 12
19, 33
13, 25
12, 20
11, 17
8, 14
5, 13
4, 14
14, 18
7, 15
11, 19
3, 9
2, 10
1, 17
3, 3
8, 8
5, 15
6, 14
5, 9
12, 14
6, 16
5, 5
4, 14
6, 10
13, 17
8, 16
8, 12
20, 20
12, 24
10, 18
19, 19
18, 30
9, 11
7, 7
8, 20
13, 17
12, 16
11, 19
10, 12
10, 14
13, 17
12, 12
12, 18
12, 14
2, 18
8, 8
3, 7
11, 11
5, 9
4, 14
4, 8
5, 23
5, 17
6, 14
7, 19
8, 12
6, 18
14, 14
12, 28
4, 20
12, 20
10, 20
10, 12
16, 28
13, 17
10, 18
11, 17
16, 26
15, 37
14, 18
15, 31
13, 25
11, 23
11, 31
5, 7
6, 6
6, 18
7, 11
1, 1
5, 13
8, 22
17, 29
7, 19
11, 17
20, 24
14, 26
13, 15
12, 16
9, 15
5, 13
1, 1
15, 24
8, 20
12, 20
4, 14
3, 15
4, 12
2, 8
9, 13
6, 12
9, 11
8, 14
13, 15
9, 11
8, 10
7, 9
9, 11
14, 14
11, 17
11, 15
21, 33
11, 25
9, 23
18, 28
17, 23
8, 16
6, 8
7, 7
12, 14
11, 19
10, 14
9, 17
9, 17
12, 20
11, 19
11, 15
11, 21
1, 1
9, 11
2, 8
10, 10
4, 10
3, 7
3, 9
4, 16
4, 18
5, 9
6, 20
7, 27
5, 15
13, 19
11, 17
3, 17
11, 14
9, 21
11, 11
15, 15
12, 16
9, 15
10, 16
15, 29
14, 28
13, 29
14, 24
12, 20
10, 10
10, 16
6, 12
7, 13
5, 19
8, 10
2, 2
6, 12
7, 19
16, 22
6, 22
10, 16
19, 33
13, 23
12, 22
11, 15
8, 18
4, 14
1, 17
14, 22
7, 17
11, 15
5, 13
4, 14
5, 13
3, 15
8, 20
7, 11
10, 12
9, 13
12, 14
10, 14
9, 9
8, 10
10, 14
13, 17
12, 16
12, 16
20, 34
17, 27
15, 19
24, 25
23, 27
10, 10
8, 16
17, 20
12, 12
11, 13
10, 14
9, 9
7, 10
6, 8
9, 13
3, 5
3, 5
13, 25
19, 29
12, 20
4, 6
14, 20
13, 17
13, 21
10, 14
12, 20
9, 13
10, 10
9, 13
11, 13
11, 12
13, 13
11, 13
5, 5
5, 5
21, 27
21, 22
10, 10
6, 11
5, 8
21, 24
20, 22
19, 29
20, 20
18, 21
16, 22
14, 17
16, 20
17, 23
15, 21
20, 24
16, 28
18, 24
7, 18
22, 22
16, 22
8, 14
25, 28
1, 1
2, 2
5, 7
6, 6
14, 16
15, 21
14, 18
9, 15
7, 11
17, 21
16, 24
15, 25
17, 35
16, 16
19, 25
20, 28
19, 23
10, 12
20, 26
19, 24
18, 26
20, 24
11, 11
22, 26
22, 30
26, 26
12, 22
10, 10
19, 27
18, 22
1, 1
1, 1
10, 10
7, 11
4, 4
3, 3
2, 2
4, 10
5, 5
4, 4
6, 10
6, 12
6, 16
12, 16
5, 5
5, 5
7, 9
6, 6
6, 6
3, 3
5, 5
2, 2
3, 3
2, 12
4, 4
6, 6
8, 8
4, 4
6, 9
4, 4
14, 20
16, 16
5, 7
4, 8
5, 5
16, 18
15, 15
14, 14
15, 17
13, 15
11, 15
9, 9
9, 9
10, 16
8, 8
13, 13
9, 9
11, 17
2, 12
17, 17
9, 17
3, 3
20, 20
8, 10
7, 13
6, 6
3, 5
7, 7
8, 14
7, 7
9, 11
4, 4
10, 18
9, 9
8, 20
10, 18
11, 13
12, 26
13, 17
12, 18
5, 5
13, 17
12, 12
11, 15
13, 19
6, 6
15, 17
15, 21
21, 21
10, 12
8, 8
17, 27
16, 16
3, 3
5, 5
10, 10
5, 11
4, 4
3, 3
2, 2
2, 8
1, 1
2, 2
4, 4
4, 4
10, 16
16, 18
9, 9
3, 3
11, 15
10, 10
10, 16
7, 7
9, 15
6, 6
7, 7
6, 12
8, 11
4, 4
6, 14
8, 14
4, 5
4, 6
18, 24
14, 14
3, 13
4, 8
3, 3
14, 22
13, 13
12, 12
13, 19
11, 21
9, 16
7, 14
13, 19
14, 18
12, 18
17, 29
13, 21
15, 15
4, 6
15, 23
11, 15
1, 1
18, 18
6, 6
5, 5
2, 2
3, 3
11, 21
12, 16
11, 11
7, 9
4, 14
14, 20
13, 21
12, 16
14, 16
9, 9
16, 24
17, 21
16, 22
3, 3
17, 23
16, 20
15, 23
17, 29
4, 14
19, 19
19, 25
19, 31
14, 14
12, 22
21, 23
20, 30
11, 20
9, 13
10, 16
15, 19
14, 22
13, 29
12, 20
12, 22
15, 23
14, 22
14, 26
14, 22
6, 6
4, 14
5, 15
13, 17
7, 13
4, 8
6, 16
7, 13
7, 17
8, 18
9, 15
10, 16
8, 26
16, 16
14, 20
6, 8
14, 24
12, 16
8, 16
18, 24
15, 15
12, 22
13, 23
18, 34
17, 19
16, 18
17, 27
15, 27
13, 27
13, 19
3, 11
4, 6
8, 10
3, 7
3, 15
1, 17
10, 18
19, 29
9, 15
13, 13
22, 24
16, 28
15, 19
14, 24
11, 15
3, 3
4, 8
5, 7
17, 21
10, 28
14, 18
1, 9
2, 8
2, 16
11, 21
2, 16
7, 15
6, 18
15, 17
7, 7
6, 14
5, 13
7, 7
16, 22
9, 9
9, 9
23, 31
13, 27
11, 11
20, 22
19, 19
10, 14
8, 12
9, 9
14, 18
13, 19
12, 14
11, 11
11, 21
14, 16
13, 13
13, 17
13, 17
5, 15
5, 5
4, 4
12, 22
6, 26
3, 3
5, 5
6, 6
6, 6
7, 7
8, 8
9, 25
7, 9
15, 15
13, 15
5, 13
13, 13
11, 17
7, 17
17, 17
14, 16
11, 11
12, 18
17, 19
16, 16
15, 15
16, 24
14, 22
12, 14
12, 12
2, 2
3, 11
7, 15
4, 6
2, 2
2, 2
9, 11
18, 18
8, 8
12, 22
21, 21
15, 21
14, 20
13, 23
10, 10
2, 2
3, 7
4, 4
16, 24
9, 11
13, 17
1, 9
1, 1
1, 1
10, 10
3, 7
6, 14
5, 5
14, 24
6, 8
5, 5
4, 12
6, 8
15, 15
8, 10
8, 10
22, 34
12, 24
10, 10
19, 31
18, 18
9, 9
7, 7
8, 8
13, 19
12, 20
11, 11
10, 16
10, 14
13, 13
12, 18
12, 18
12, 16
4, 14
4, 4
3, 3
11, 23
5, 9
2, 2
4, 8
5, 5
5, 5
6, 6
7, 7
8, 22
6, 10
14, 18
12, 16
4, 16
12, 12
10, 18
6, 18
16, 16
13, 13
10, 20
11, 16
16, 28
15, 15
14, 14
15, 19
13, 13
11, 23
11, 11
1, 1
2, 2
6, 18
5, 5
3, 11
3, 3
8, 20
17, 17
7, 19
11, 23
20, 20
14, 16
13, 13
12, 18
9, 15
1, 1
4, 12
5, 13
15, 27
8, 8
12, 20
2, 8
1, 1
2, 10
9, 9
4, 12
5, 9
4, 16
13, 13
5, 5
4, 4
3, 7
5, 9
14, 22
7, 19
7, 11
21, 33
14, 32
12, 20
21, 29
20, 28
11, 13
9, 9
10, 10
15, 21
14, 14
13, 13
12, 22
12, 26
15, 25
14, 18
14, 18
14, 16
4, 6
6, 6
5, 5
13, 15
7, 7
4, 12
6, 14
7, 7
7, 19
8, 8
9, 9
10, 10
8, 16
16, 18
14, 22
6, 26
14, 16
12, 24
8, 10
18, 26
15, 17
12, 20
13, 13
18, 26
17, 25
16, 16
17, 25
15, 15
13, 23
13, 21
3, 3
4, 4
8, 8
5, 13
1, 9
3, 9
10, 10
19, 19
9, 17
13, 13
22, 22
16, 18
15, 23
14, 14
11, 11
3, 7
2, 16
3, 3
17, 19
10, 10
14, 14
2, 10
1, 1
2, 2
11, 11
4, 8
7, 17
6, 8
15, 15
7, 23
6, 14
5, 15
7, 17
16, 20
9, 11
9, 9
23, 31
3, 25
1, 1
10, 10
9, 35
10, 20
10, 18
1, 23
4, 20
7, 23
8, 20
9, 21
9, 15
10, 18
7, 21
13, 18
13, 13
7, 19
13, 17
6, 20
12, 14
4, 18
7, 7
5, 19
8, 20
8, 8
9, 19
10, 18
11, 11
9, 13
5, 5
3, 19
7, 21
13, 15
11, 13
15, 21
7, 7
8, 18
11, 16
12, 15
7, 27
6, 6
5, 27
6, 28
4, 26
2, 22
2, 22
10, 14
11, 19
3, 19
14, 18
10, 12
12, 12
11, 17
8, 30
2, 2
8, 18
11, 33
15, 17
14, 17
11, 15
10, 14
8, 14
9, 13
8, 8
16, 18
11, 15
9, 15
11, 13
10, 12
9, 23
11, 19
13, 25
14, 20
13, 29
6, 22
14, 18
13, 17
12, 18
14, 18
9, 19
16, 20
16, 30
12, 38
16, 18
14, 14
23, 25
22, 22
13, 13
11, 13
12, 14
17, 19
16, 24
15, 19
14, 20
14, 20
17, 25
16, 18
16, 20
16, 22
8, 8
2, 2
7, 9
15, 19
9, 31
6, 6
8, 8
9, 15
9, 15
10, 12
11, 11
12, 14
10, 10
18, 18
16, 16
8, 8
16, 22
14, 20
6, 6
20, 22
17, 19
14, 18
15, 15
20, 22
19, 21
18, 18
19, 21
17, 27
15, 21
15, 15
5, 5
4, 14
10, 12
1, 1
5, 5
1, 1
12, 14
21, 23
11, 11
15, 19
24, 24
18, 22
17, 27
16, 20
13, 13
5, 5
6, 6
7, 7
19, 25
12, 14
16, 20
2, 8
3, 3
4, 4
4, 14
13, 13
5, 17
4, 8
17, 23
5, 9
4, 4
3, 17
5, 9
18, 22
7, 11
7, 7
25, 27
17, 23
15, 25
24, 34
23, 39
14, 24
12, 18
13, 33
18, 22
17, 23
16, 22
15, 21
15, 21
18, 24
17, 21
17, 29
17, 29
9, 13
3, 19
8, 14
16, 18
10, 16
7, 15
9, 15
10, 32
10, 10
11, 19
12, 16
13, 17
11, 17
19, 25
17, 27
9, 15
17, 23
15, 25
5, 5
21, 31
18, 26
15, 25
16, 24
21, 21
20, 26
19, 25
20, 26
18, 28
16, 26
16, 22
4, 10
3, 11
11, 17
4, 18
8, 16
6, 16
13, 19
22, 28
12, 18
16, 24
25, 31
19, 27
18, 23
17, 23
14, 20
6, 14
9, 11
10, 20
20, 26
13, 17
17, 25
7, 7
6, 6
5, 17
7, 9
14, 28
5, 17
1, 1
18, 24
4, 4
3, 3
2, 2
4, 4
19, 23
6, 6
6, 6
26, 32
16, 22
14, 20
23, 29
22, 28
13, 19
11, 17
12, 16
17, 21
16, 22
15, 21
14, 20
14, 26
17, 21
16, 20
16, 18
16, 22
8, 12
2, 10
7, 11
15, 19
9, 31
6, 6
8, 14
9, 15
9, 13
10, 18
11, 15
12, 16
10, 18
18, 26
16, 16
8, 12
16, 22
14, 22
4, 4
20, 26
17, 23
14, 26
15, 27
20, 26
19, 25
18, 24
19, 19
17, 21
15, 21
15, 21
3, 9
2, 18
10, 30
3, 9
7, 11
5, 7
12, 28
21, 27
11, 11
15, 21
24, 30
18, 22
17, 21
16, 22
13, 19
5, 9
8, 14
9, 19
19, 21
12, 26
16, 22
6, 16
5, 7
4, 4
6, 12
13, 17
4, 8
1, 1
17, 25
3, 3
2, 2
1, 1
3, 3
18, 22
5, 5
5, 5
25, 29
7, 7
5, 19
14, 32
13, 25
4, 10
6, 6
7, 20
2, 22
1, 1
2, 2
3, 7
3, 11
4, 8
1, 1
7, 10
7, 7
11, 13
17, 17
10, 10
6, 6
10, 18
11, 11
11, 13
8, 8
10, 12
7, 7
8, 8
7, 11
9, 11
1, 21
3, 23
9, 15
7, 9
5, 9
19, 23
11, 11
2, 6
5, 9
6, 8
11, 23
10, 10
9, 9
10, 24
8, 26
6, 20
4, 20
14, 14
15, 17
9, 19
18, 22
14, 24
16, 18
5, 9
12, 28
8, 20
2, 4
15, 15
9, 15
8, 11
5, 9
4, 4
12, 20
13, 23
12, 12
10, 11
5, 9
3, 3
15, 15
14, 14
13, 13
15, 19
6, 16
17, 21
18, 24
17, 23
18, 22
17, 17
16, 22
18, 18
3, 13
20, 22
20, 24
16, 28
17, 23
15, 19
24, 36
23, 29
14, 20
12, 18
13, 27
18, 22
17, 25
16, 22
15, 19
15, 19
18, 20
17, 23
17, 23
17, 31
9, 13
3, 11
8, 14
16, 24
10, 16
7, 15
9, 31
10, 16
10, 14
11, 15
12, 18
13, 13
11, 15
19, 19
17, 21
9, 13
17, 19
15, 23
3, 3
21, 25
18, 24
15, 23
16, 20
21, 27
20, 26
19, 23
20, 24
18, 28
16, 16
16, 26
4, 10
3, 3
11, 31
4, 10
8, 16
6, 8
13, 23
22, 34
12, 28
16, 22
25, 31
19, 27
18, 24
17, 19
14, 22
6, 10
9, 11
10, 12
20, 34
13, 23
17, 21
7, 17
6, 8
5, 9
7, 17
14, 28
5, 17
3, 3
18, 24
1, 1
2, 2
2, 2
19, 23
4, 4
4, 4
26, 32
16, 22
14, 20
23, 27
22, 28
13, 17
11, 15
12, 18
17, 23
16, 22
15, 25
14, 18
14, 14
17, 23
16, 20
16, 22
16, 20
8, 12
2, 2
7, 13
15, 18
9, 15
6, 6
8, 8
9, 9
9, 9
10, 14
11, 17
12, 18
10, 16
18, 22
16, 22
8, 14
16, 22
14, 20
2, 2
20, 26
17, 21
14, 28
15, 25
20, 24
19, 19
18, 22
19, 25
17, 25
15, 21
15, 21
3, 9
2, 10
10, 16
3, 9
7, 9
5, 5
12, 18
21, 27
11, 15
15, 17
24, 28
18, 29
17, 23
16, 22
13, 19
5, 9
8, 10
9, 9
19, 31
12, 16
16, 22
6, 6
5, 5
4, 8
6, 14
13, 17
4, 8
3, 3
2, 2
17, 23
1, 1
1, 1
1, 1
18, 22
3, 3
3, 3
25, 35
15, 19
13, 13
22, 28
21, 25
12, 18
10, 10
11, 17
16, 22
15, 21
14, 18
13, 17
13, 25
16, 20
15, 23
15, 21
15, 21
7, 11
1, 9
6, 6
14, 22
8, 14
5, 9
7, 13
8, 12
8, 12
9, 9
10, 14
11, 15
9, 15
17, 21
15, 15
7, 13
15, 19
13, 19
3, 3
19, 19
16, 22
13, 23
14, 20
19, 25
18, 18
17, 23
18, 22
16, 20
14, 20
14, 20
2, 2
1, 9
9, 13
2, 8
6, 8
4, 16
11, 17
20, 26
10, 14
14, 18
23, 29
17, 25
16, 22
15, 21
12, 18
4, 8
7, 9
8, 18
18, 24
11, 17
15, 21
5, 13
4, 4
3, 3
5, 13
12, 12
3, 7
2, 2
1, 1
16, 22
2, 2
1, 1
2, 2
17, 19
4, 4
4, 4
24, 32
17, 21
15, 21
24, 28
23, 27
14, 28
12, 18
13, 19
18, 22
17, 23
16, 22
15, 21
15, 21
18, 22
17, 23
17, 23
17, 25
9, 13
3, 11
8, 8
16, 22
10, 16
7, 15
9, 15
10, 16
10, 14
11, 11
12, 18
13, 17
11, 17
19, 23
17, 23
9, 13
17, 25
15, 23
1, 1
21, 25
18, 26
15, 21
16, 21
21, 27
20, 24
19, 23
20, 26
18, 30
16, 28
16, 20
4, 10
3, 11
11, 17
4, 10
8, 10
6, 8
13, 19
22, 26
12, 16
16, 16
25, 29
19, 27
18, 30
17, 23
14, 24
6, 6
9, 11
10, 20
20, 26
13, 17
17, 17
7, 7
6, 8
5, 9
7, 17
14, 18
5, 19
4, 4
3, 3
18, 20
2, 2
1, 1
2, 2
19, 23
2, 2
2, 2
26, 30
10, 24
8, 12
17, 27
16, 30
5, 5
7, 15
10, 18
5, 19
4, 12
5, 7
4, 6
4, 8
5, 13
2, 2
8, 13
8, 13
12, 14
18, 22
11, 13
7, 7
13, 17
12, 18
12, 16
9, 9
11, 13
8, 10
9, 14
8, 12
10, 12
4, 4
6, 6
10, 14
8, 12
6, 10
20, 24
14, 28
1, 1
6, 12
7, 12
14, 30
13, 23
12, 22
13, 25
11, 27
9, 19
7, 21
15, 23
16, 24
12, 19
19, 23
15, 17
17, 21
6, 14
15, 19
11, 15
3, 7
18, 22
10, 10
9, 15
6, 9
5, 13
13, 17
14, 22
13, 15
11, 14
6, 16
4, 14
16, 22
15, 17
14, 16
16, 24
9, 19
18, 22
19, 25
18, 22
3, 7
19, 25
18, 24
17, 25
19, 25
21, 23
21, 35
19, 31
19, 23
17, 23
26, 26
25, 31
16, 28
14, 20
15, 31
20, 26
19, 25
18, 22
17, 23
17, 21
20, 22
19, 23
19, 33
19, 25
11, 15
5, 13
10, 16
18, 26
12, 34
9, 13
11, 17
12, 18
12, 32
13, 21
14, 20
15, 19
13, 17
21, 23
19, 29
11, 15
19, 28
17, 29
1, 1
23, 27
20, 24
17, 27
18, 27
23, 29
22, 28
21, 31
22, 34
20, 30
18, 22
18, 22
6, 20
5, 13
13, 19
6, 12
10, 18
8, 10
15, 21
24, 30
14, 30
18, 26
27, 33
21, 29
20, 26
19, 21
16, 30
8, 18
11, 13
12, 16
22, 25
15, 21
19, 19
9, 9
8, 10
7, 11
9, 19
16, 22
7, 7
5, 5
20, 24
4, 4
3, 3
4, 4
2, 2
21, 27
2, 2
28, 40
19, 31
17, 23
26, 30
25, 31
16, 28
14, 20
15, 19
20, 26
19, 25
18, 28
17, 23
17, 23
20, 26
19, 23
19, 25
19, 25
11, 15
5, 13
10, 10
18, 24
12, 18
9, 13
11, 15
12, 16
12, 18
13, 21
14, 18
15, 21
13, 17
21, 25
19, 23
11, 17
19, 23
17, 27
1, 1
23, 29
20, 26
17, 23
18, 26
23, 27
22, 28
21, 27
22, 28
20, 26
18, 26
18, 28
6, 12
5, 13
13, 19
6, 12
10, 18
8, 18
15, 23
24, 28
14, 14
18, 18
27, 31
21, 26
20, 26
19, 25
16, 16
8, 18
11, 13
12, 14
22, 32
15, 19
19, 23
9, 9
8, 10
7, 11
9, 9
16, 20
7, 21
6, 6
5, 5
20, 24
4, 4
3, 3
4, 4
2, 2
21, 29
2, 2
28, 38
9, 9
11, 11
2, 2
3, 3
20, 24
22, 26
13, 35
14, 14
17, 33
18, 28
19, 29
19, 25
20, 28
17, 29
23, 30
23, 23
19, 33
25, 29
18, 26
22, 24
16, 30
19, 19
17, 29
20, 26
20, 20
21, 33
22, 22
23, 35
21, 21
15, 29
13, 31
19, 27
23, 31
21, 30
27, 35
5, 5
18, 30
21, 23
22, 24
7, 7
6, 6
7, 7
8, 8
8, 8
10, 10
12, 32
22, 32
23, 31
15, 35
26, 42
22, 30
24, 28
21, 25
4, 4
14, 32
18, 26
1, 1
25, 30
24, 27
21, 23
20, 24
20, 34
21, 21
20, 36
26, 34
21, 27
19, 27
23, 25
22, 22
21, 33
23, 43
12, 12
25, 27
25, 35
16, 30
26, 40
25, 39
24, 34
26, 38
19, 33
28, 42
28, 28
