2, 2
10, 10
9, 9
8, 8
7, 19
6, 6
5, 21
3, 3
2, 2
5, 5
4, 4
8, 26
22, 36
17, 27
20, 34
10, 10
21, 21
12, 14
13, 13
10, 34
11, 15
18, 32
19, 34
15, 31
17, 36
19, 33
21, 23
1, 25
3, 3
4, 22
8, 8
6, 20
8, 22
10, 10
9, 9
13, 13
1, 1
21, 31
22, 32
21, 27
19, 19
12, 12
16, 30
17, 17
20, 32
20, 20
20, 34
18, 18
19, 19
15, 15
5, 5
17, 25
16, 16
19, 23
18, 28
20, 24
20, 20
6, 6
15, 29
9, 9
7, 37
12, 12
11, 29
14, 14
13, 13
16, 26
15, 15
14, 14
13, 15
23, 35
22, 36
20, 20
21, 21
11, 11
14, 30
18, 28
19, 31
7, 19
9, 17
17, 29
18, 32
16, 16
14, 14
13, 27
12, 12
11, 33
7, 7
2, 24
12, 14
11, 11
10, 16
9, 17
8, 8
7, 39
5, 21
4, 22
7, 7
6, 6
10, 24
20, 20
19, 27
20, 23
12, 12
21, 21
10, 10
11, 15
8, 36
9, 9
18, 30
19, 39
15, 29
17, 26
19, 33
21, 33
1, 1
1, 1
2, 24
6, 38
4, 40
6, 24
8, 26
7, 25
13, 13
3, 23
21, 31
22, 33
19, 35
17, 27
12, 12
16, 28
17, 37
20, 34
18, 18
20, 22
20, 26
21, 35
15, 17
3, 3
17, 27
16, 16
19, 25
18, 26
22, 22
20, 24
8, 38
13, 31
11, 11
9, 23
14, 32
13, 33
16, 16
15, 15
18, 26
17, 29
14, 30
13, 31
21, 33
20, 28
18, 36
19, 29
13, 33
14, 46
18, 44
19, 29
5, 21
7, 19
15, 33
16, 28
14, 32
12, 32
11, 29
10, 28
9, 9
5, 41
10, 10
12, 12
1, 25
2, 24
3, 23
4, 4
5, 21
7, 7
8, 18
7, 27
6, 6
10, 46
12, 26
15, 19
10, 23
12, 44
11, 33
4, 4
3, 3
6, 40
5, 21
8, 36
9, 9
5, 27
7, 35
9, 39
11, 31
11, 15
13, 13
12, 36
8, 38
10, 10
12, 18
14, 20
13, 19
3, 25
9, 17
11, 33
12, 34
15, 39
15, 23
2, 24
6, 32
7, 25
10, 30
14, 30
10, 22
14, 34
13, 21
5, 29
11, 11
7, 27
6, 28
9, 25
8, 26
12, 22
10, 10
8, 22
19, 25
11, 25
9, 23
14, 20
13, 13
16, 18
15, 29
16, 18
17, 17
4, 30
3, 31
13, 33
14, 40
16, 16
13, 35
1, 25
4, 40
8, 32
9, 37
9, 17
7, 37
17, 21
16, 28
18, 20
18, 24
17, 47
16, 16
15, 21
11, 17
9, 17
11, 11
1, 1
1, 1
2, 24
3, 3
4, 30
6, 20
7, 7
6, 6
5, 5
9, 25
13, 31
16, 18
11, 34
11, 11
12, 12
5, 21
4, 4
7, 35
6, 20
9, 25
10, 10
6, 38
8, 36
10, 24
12, 22
10, 16
12, 12
13, 37
9, 17
11, 15
13, 17
15, 19
14, 14
4, 38
8, 18
12, 22
13, 33
16, 30
16, 28
3, 3
7, 7
8, 8
11, 37
15, 15
11, 11
15, 19
14, 20
6, 28
12, 14
8, 26
7, 7
10, 24
9, 25
13, 33
11, 11
7, 7
20, 24
10, 24
8, 24
13, 13
12, 28
15, 15
14, 14
17, 17
16, 16
5, 29
4, 30
14, 14
15, 27
17, 17
14, 30
2, 2
5, 25
9, 25
10, 24
10, 38
8, 18
18, 18
17, 23
19, 21
19, 23
18, 36
17, 17
16, 20
12, 12
8, 18
10, 10
2, 32
1, 33
1, 33
2, 2
3, 23
5, 31
6, 6
5, 29
4, 22
8, 8
14, 30
17, 17
12, 12
10, 24
13, 21
6, 32
5, 5
8, 34
7, 7
10, 34
11, 11
7, 7
9, 35
11, 25
13, 33
9, 17
11, 11
12, 40
10, 36
12, 14
14, 30
16, 18
15, 41
5, 23
7, 45
13, 31
14, 22
17, 29
17, 27
4, 4
8, 8
9, 27
12, 34
16, 28
12, 32
16, 36
15, 15
7, 27
13, 13
9, 9
8, 26
11, 23
10, 24
14, 38
12, 22
6, 6
21, 23
9, 25
7, 7
12, 22
11, 23
14, 14
13, 21
16, 16
15, 15
6, 28
5, 29
15, 21
16, 20
18, 18
15, 29
3, 23
6, 38
10, 34
11, 25
11, 37
9, 35
19, 21
18, 26
20, 24
20, 24
19, 23
18, 26
17, 19
13, 15
7, 19
9, 17
3, 23
2, 32
1, 33
1, 25
2, 24
4, 4
5, 21
4, 30
3, 23
7, 27
15, 16
16, 36
13, 14
9, 9
14, 20
7, 7
6, 20
9, 17
8, 18
11, 37
12, 27
8, 37
10, 34
12, 26
14, 42
8, 18
10, 16
11, 39
11, 15
13, 13
15, 15
17, 17
16, 16
6, 38
6, 44
14, 32
15, 31
18, 34
18, 26
5, 5
9, 37
10, 28
13, 26
17, 21
13, 33
17, 33
16, 32
8, 26
12, 38
10, 24
9, 25
12, 12
11, 23
15, 19
13, 31
5, 29
22, 24
8, 28
6, 6
11, 23
10, 24
13, 21
12, 12
15, 35
14, 36
7, 7
6, 28
16, 30
17, 21
19, 35
16, 22
4, 4
7, 39
11, 27
12, 34
12, 12
10, 16
20, 24
19, 25
21, 23
21, 21
20, 25
19, 43
18, 18
14, 14
6, 20
8, 8
4, 4
3, 23
2, 2
1, 25
1, 25
3, 3
4, 4
3, 3
2, 2
6, 28
16, 30
15, 33
14, 33
8, 8
15, 15
8, 18
7, 19
10, 16
9, 17
12, 34
13, 13
9, 9
11, 11
13, 31
15, 25
7, 37
9, 17
10, 16
12, 34
12, 12
14, 38
16, 28
15, 39
7, 21
5, 21
15, 33
16, 32
19, 35
19, 27
6, 6
10, 38
11, 37
14, 14
18, 22
14, 26
16, 18
17, 17
9, 25
11, 15
11, 25
10, 24
13, 21
12, 12
16, 48
14, 20
4, 30
21, 45
7, 27
5, 5
10, 24
9, 9
12, 22
11, 23
14, 34
13, 21
8, 8
7, 27
17, 31
18, 30
20, 34
17, 27
5, 21
8, 22
12, 34
13, 27
13, 13
11, 33
21, 23
20, 22
22, 24
20, 20
19, 27
18, 20
17, 19
13, 15
5, 37
7, 7
5, 5
4, 22
3, 3
2, 32
1, 1
2, 24
3, 23
2, 32
1, 1
5, 29
17, 25
14, 20
15, 28
7, 27
16, 16
9, 9
8, 8
11, 15
10, 16
13, 29
14, 29
10, 34
12, 36
14, 38
16, 38
6, 20
8, 18
9, 17
13, 13
11, 35
13, 13
15, 19
14, 38
8, 20
4, 22
16, 16
17, 33
20, 26
20, 28
7, 7
11, 39
12, 30
15, 37
19, 29
15, 33
15, 15
16, 30
10, 24
10, 10
12, 22
11, 23
14, 20
13, 21
17, 17
15, 19
3, 43
20, 24
6, 28
4, 30
9, 9
8, 26
11, 23
10, 34
13, 21
12, 22
9, 25
8, 26
18, 28
19, 31
21, 29
18, 30
6, 6
9, 9
13, 29
14, 28
12, 14
12, 12
22, 26
21, 27
21, 25
19, 43
18, 38
17, 21
16, 36
12, 16
3, 23
5, 21
7, 7
6, 20
5, 21
4, 4
3, 33
2, 24
1, 25
2, 34
1, 1
5, 5
19, 25
14, 22
17, 36
7, 31
18, 26
11, 15
10, 16
13, 31
12, 14
15, 15
16, 36
12, 20
14, 32
16, 36
18, 38
4, 4
6, 6
7, 43
11, 43
9, 35
11, 33
13, 39
12, 20
10, 18
2, 24
18, 28
19, 39
22, 32
22, 26
9, 9
13, 39
14, 32
17, 29
21, 29
17, 18
15, 21
16, 28
12, 24
8, 18
14, 22
13, 23
16, 20
15, 23
17, 43
17, 25
3, 33
18, 26
6, 38
4, 40
9, 33
8, 8
11, 25
10, 34
13, 31
12, 24
11, 25
10, 38
20, 34
21, 33
23, 41
20, 32
8, 8
11, 33
15, 33
16, 35
10, 34
12, 14
20, 32
21, 31
19, 19
17, 29
16, 16
15, 29
14, 22
10, 36
2, 24
4, 22
8, 18
7, 19
6, 20
5, 21
4, 22
3, 23
1, 43
3, 35
2, 24
6, 32
20, 24
15, 15
18, 30
8, 30
19, 19
12, 30
11, 15
12, 32
13, 13
16, 29
17, 32
13, 41
15, 35
17, 37
19, 26
3, 23
5, 21
6, 6
10, 16
8, 36
10, 20
12, 12
11, 21
11, 11
1, 25
19, 37
20, 28
23, 23
21, 31
10, 16
14, 34
15, 31
18, 30
22, 26
18, 26
16, 22
17, 21
13, 19
7, 19
15, 23
14, 20
17, 43
16, 22
18, 40
18, 20
4, 4
17, 27
7, 7
5, 33
10, 34
9, 9
12, 26
11, 11
14, 24
13, 13
12, 18
11, 27
21, 33
22, 34
22, 24
21, 23
9, 9
12, 60
16, 33
17, 33
9, 35
11, 15
19, 33
20, 30
18, 28
16, 26
15, 29
14, 24
13, 37
9, 19
5, 37
7, 39
7, 27
6, 28
5, 23
4, 30
3, 31
2, 2
2, 34
3, 35
1, 1
3, 31
19, 27
12, 22
17, 30
5, 29
16, 30
11, 27
10, 26
13, 15
12, 16
15, 37
16, 31
12, 22
14, 32
16, 26
18, 28
6, 38
8, 40
9, 35
13, 31
11, 33
13, 35
15, 21
14, 20
10, 10
4, 24
18, 30
19, 27
22, 32
22, 26
9, 19
13, 35
14, 32
17, 31
21, 31
17, 45
13, 13
14, 30
12, 22
10, 18
14, 24
13, 23
16, 26
15, 33
15, 19
17, 27
1, 1
20, 42
4, 4
2, 32
7, 7
6, 28
9, 25
8, 26
11, 23
10, 24
11, 23
10, 24
20, 50
21, 33
23, 33
20, 42
8, 8
11, 27
15, 36
16, 26
12, 16
14, 30
22, 28
23, 23
21, 43
19, 41
18, 40
17, 23
16, 38
12, 12
4, 4
6, 6
6, 6
5, 21
4, 22
3, 23
2, 2
1, 33
1, 1
2, 2
1, 1
4, 4
18, 19
13, 39
16, 38
6, 6
17, 29
10, 28
9, 27
12, 14
11, 29
14, 40
15, 30
11, 35
13, 37
15, 29
17, 33
5, 21
7, 19
8, 36
12, 14
10, 16
12, 18
14, 20
13, 13
9, 19
3, 23
17, 37
18, 38
21, 31
21, 27
8, 26
12, 12
13, 39
16, 36
20, 30
16, 32
14, 30
15, 19
11, 23
9, 17
13, 21
12, 22
15, 19
14, 14
16, 28
16, 26
2, 2
19, 43
5, 29
3, 31
8, 8
7, 37
10, 34
9, 25
12, 32
11, 23
10, 24
9, 25
19, 36
20, 40
22, 42
19, 29
7, 7
10, 36
14, 32
15, 29
11, 11
13, 31
21, 23
22, 22
20, 26
18, 24
17, 28
16, 40
15, 21
11, 11
8, 36
10, 10
10, 10
9, 9
8, 8
7, 37
6, 6
5, 41
5, 31
6, 32
3, 31
4, 30
22, 46
9, 25
20, 31
2, 2
13, 13
14, 24
13, 33
16, 28
15, 25
18, 35
19, 32
15, 25
17, 35
19, 45
21, 21
9, 25
11, 23
12, 32
16, 28
14, 40
16, 32
18, 18
17, 33
13, 23
7, 37
21, 41
22, 32
25, 37
25, 27
12, 22
16, 37
17, 35
20, 40
24, 34
20, 34
10, 24
11, 23
15, 19
13, 21
17, 17
16, 18
15, 19
16, 16
12, 22
14, 14
2, 2
23, 39
1, 33
1, 1
4, 30
3, 3
6, 28
5, 29
8, 26
7, 27
14, 20
13, 21
23, 39
24, 38
26, 36
23, 39
11, 23
14, 38
18, 28
19, 40
15, 29
17, 27
25, 25
26, 26
24, 40
22, 28
21, 27
20, 26
19, 25
15, 31
22, 22
20, 34
12, 20
13, 41
14, 30
15, 23
16, 24
17, 27
19, 25
20, 38
19, 43
18, 26
22, 44
23, 31
3, 18
24, 38
19, 36
12, 22
11, 19
14, 22
13, 21
4, 16
4, 20
7, 15
5, 15
3, 20
1, 19
21, 21
19, 33
18, 32
16, 36
16, 30
14, 28
12, 26
13, 13
9, 17
21, 25
9, 12
8, 8
5, 15
3, 17
10, 10
6, 14
7, 7
10, 10
2, 19
2, 18
22, 40
21, 35
13, 13
17, 31
15, 16
14, 28
17, 31
16, 44
20, 34
18, 44
20, 42
7, 21
23, 32
21, 33
26, 29
25, 29
26, 34
27, 35
24, 38
25, 37
12, 50
11, 29
7, 13
6, 14
4, 16
1, 19
11, 19
8, 16
8, 8
9, 10
17, 25
15, 33
5, 19
4, 4
6, 21
8, 8
9, 23
10, 10
11, 25
15, 29
17, 17
19, 19
15, 15
16, 36
17, 17
16, 16
15, 19
14, 38
14, 30
15, 23
12, 12
13, 13
9, 25
23, 23
21, 42
7, 27
4, 30
15, 15
14, 22
17, 35
16, 24
19, 35
20, 20
16, 24
18, 18
20, 37
22, 32
18, 18
20, 28
21, 21
19, 27
21, 29
23, 31
25, 33
24, 24
14, 32
16, 28
22, 48
23, 39
26, 28
26, 28
13, 21
17, 17
18, 36
21, 21
25, 37
21, 33
1, 1
2, 32
10, 34
22, 30
8, 8
9, 9
6, 6
7, 27
3, 3
5, 29
11, 23
30, 32
8, 26
10, 24
5, 29
6, 6
3, 31
4, 30
1, 33
2, 2
11, 11
12, 12
24, 33
25, 37
27, 35
24, 30
14, 20
15, 49
19, 35
20, 42
20, 28
18, 26
28, 32
27, 33
29, 31
29, 33
28, 36
27, 29
26, 26
22, 30
20, 34
20, 32
10, 11
11, 34
12, 33
13, 35
14, 30
15, 30
17, 28
18, 30
17, 33
16, 29
20, 31
3, 6
21, 40
22, 39
17, 17
10, 25
9, 10
12, 23
11, 24
2, 19
1, 20
5, 18
3, 18
2, 3
2, 19
21, 34
19, 32
18, 31
14, 24
16, 36
17, 26
15, 24
16, 25
7, 8
19, 35
9, 10
10, 10
8, 14
6, 16
8, 8
4, 17
5, 16
8, 16
5, 16
1, 20
20, 21
19, 32
11, 11
17, 29
13, 29
12, 28
15, 28
14, 27
18, 32
16, 29
18, 45
10, 19
21, 37
19, 32
24, 26
23, 36
24, 37
25, 41
22, 23
23, 23
10, 23
9, 28
10, 10
9, 12
7, 10
4, 4
9, 36
6, 19
6, 15
7, 14
15, 29
13, 22
8, 18
7, 7
9, 18
11, 14
12, 22
13, 23
14, 23
17, 18
10, 28
12, 26
12, 22
11, 11
10, 42
9, 25
8, 26
7, 27
7, 7
8, 8
5, 5
6, 6
2, 32
24, 38
7, 7
22, 41
11, 11
16, 22
15, 15
18, 28
17, 21
20, 26
21, 27
17, 39
19, 37
21, 47
23, 33
11, 33
13, 25
14, 30
18, 26
16, 22
18, 30
20, 26
19, 19
15, 21
9, 9
23, 33
24, 38
27, 33
27, 31
14, 14
18, 24
19, 25
22, 35
26, 32
22, 46
8, 26
9, 25
17, 17
15, 37
15, 19
16, 18
13, 13
14, 20
10, 10
12, 12
4, 4
25, 31
1, 1
3, 3
2, 2
1, 33
4, 4
3, 3
6, 6
5, 29
16, 18
15, 19
25, 39
26, 44
28, 34
25, 31
13, 21
16, 26
20, 40
21, 42
17, 21
19, 19
27, 39
28, 28
26, 32
24, 36
23, 29
22, 34
21, 21
17, 23
21, 23
21, 23
11, 11
12, 32
13, 21
14, 20
15, 19
16, 16
18, 18
19, 19
16, 16
17, 17
13, 21
19, 27
4, 4
17, 30
11, 11
11, 11
10, 26
13, 29
12, 32
15, 31
16, 31
12, 12
14, 30
16, 36
18, 28
22, 24
20, 24
19, 19
15, 29
17, 33
19, 35
21, 37
20, 30
10, 26
20, 24
18, 28
19, 43
22, 22
22, 30
9, 9
13, 13
14, 32
17, 17
21, 41
17, 45
3, 3
2, 2
6, 6
18, 26
4, 4
5, 5
2, 32
3, 31
1, 33
1, 33
15, 19
26, 28
12, 12
14, 14
9, 25
10, 10
7, 7
8, 26
5, 5
6, 28
7, 37
8, 8
20, 26
21, 33
23, 31
20, 36
10, 24
11, 27
15, 49
16, 48
16, 28
14, 30
24, 28
23, 39
25, 65
25, 28
24, 40
23, 23
22, 30
18, 34
12, 14
10, 34
4, 34
5, 21
6, 32
7, 31
8, 18
9, 29
11, 37
12, 14
11, 27
10, 28
14, 24
12, 36
15, 29
10, 11
16, 30
11, 27
1, 25
2, 24
1, 25
8, 24
9, 9
7, 27
9, 25
11, 23
11, 15
9, 17
8, 18
4, 22
6, 20
8, 22
10, 24
9, 41
3, 32
13, 13
11, 22
12, 34
15, 18
15, 33
2, 2
6, 29
7, 29
10, 23
14, 18
10, 22
14, 30
13, 53
5, 33
7, 37
7, 37
6, 32
9, 29
8, 30
12, 34
10, 28
12, 18
15, 15
15, 23
13, 25
18, 20
17, 21
18, 44
19, 25
16, 22
17, 39
4, 34
3, 35
13, 23
14, 36
16, 58
13, 37
3, 23
4, 46
8, 8
9, 27
5, 21
3, 23
17, 31
16, 17
16, 30
14, 28
13, 27
12, 26
11, 25
7, 21
13, 13
11, 15
3, 3
4, 32
5, 31
6, 20
7, 19
8, 28
10, 16
11, 29
10, 26
9, 37
13, 23
11, 23
14, 30
9, 25
15, 21
10, 26
1, 1
3, 23
2, 24
7, 23
8, 34
4, 30
6, 28
8, 22
10, 26
12, 14
10, 16
9, 43
5, 21
7, 19
9, 39
11, 23
10, 25
2, 34
12, 14
10, 35
11, 25
14, 38
14, 16
1, 25
5, 29
6, 30
9, 21
13, 23
9, 21
13, 23
12, 12
4, 32
8, 18
6, 30
5, 31
8, 8
7, 37
11, 11
9, 35
11, 19
16, 18
14, 22
12, 24
17, 17
16, 16
17, 17
18, 26
15, 21
16, 20
3, 3
2, 26
12, 18
13, 35
15, 21
12, 24
2, 24
3, 33
7, 29
8, 32
6, 6
4, 40
16, 30
15, 19
17, 29
15, 21
14, 14
13, 25
12, 32
8, 20
10, 16
8, 8
6, 20
7, 7
8, 18
9, 37
10, 16
11, 11
13, 13
12, 12
13, 15
12, 12
16, 18
14, 20
17, 27
12, 23
18, 24
13, 31
2, 24
3, 23
1, 1
10, 25
11, 24
7, 29
9, 29
11, 23
13, 21
9, 9
7, 19
6, 38
2, 2
4, 4
6, 24
8, 26
7, 7
5, 29
11, 15
13, 23
14, 35
17, 17
17, 17
4, 4
8, 28
9, 27
12, 31
16, 18
12, 26
16, 28
15, 27
7, 37
5, 21
9, 9
8, 34
11, 11
10, 34
14, 32
12, 30
14, 28
13, 13
17, 19
15, 17
20, 22
19, 21
20, 24
21, 39
18, 24
19, 19
6, 6
5, 5
15, 33
16, 20
18, 18
15, 35
5, 21
6, 30
10, 29
11, 25
3, 23
1, 25
15, 15
16, 20
14, 14
12, 24
11, 11
10, 24
9, 9
5, 5
11, 15
9, 17
5, 21
6, 20
7, 19
8, 18
9, 9
10, 16
12, 30
13, 13
12, 34
11, 15
15, 31
13, 21
16, 16
11, 27
17, 23
12, 28
1, 25
2, 2
1, 25
9, 31
10, 25
6, 30
8, 26
10, 24
12, 22
10, 16
8, 18
7, 19
3, 3
5, 39
7, 7
9, 25
8, 8
4, 32
12, 14
12, 32
13, 23
16, 20
16, 22
3, 3
7, 27
8, 28
11, 32
15, 15
11, 33
15, 29
14, 30
6, 38
6, 20
8, 28
7, 27
10, 34
9, 35
13, 33
11, 31
13, 17
14, 30
16, 20
14, 18
19, 23
18, 22
19, 25
20, 24
17, 37
18, 26
5, 35
4, 4
14, 22
15, 35
17, 19
14, 20
4, 22
5, 31
9, 26
10, 25
4, 4
2, 2
16, 19
17, 33
15, 19
13, 21
12, 28
11, 23
10, 10
6, 6
18, 32
18, 28
8, 8
9, 26
10, 27
11, 39
12, 34
13, 29
15, 33
16, 34
15, 31
14, 14
18, 28
4, 4
19, 43
2, 19
20, 36
15, 47
8, 8
7, 23
10, 26
9, 25
1, 20
3, 19
1, 20
1, 19
3, 17
19, 26
17, 29
16, 28
12, 28
14, 21
16, 24
16, 22
17, 23
5, 21
17, 33
7, 13
8, 12
9, 11
7, 7
6, 6
2, 18
3, 17
6, 15
6, 14
2, 2
18, 28
17, 45
9, 31
15, 31
11, 27
10, 26
13, 35
12, 34
16, 32
14, 32
16, 30
11, 17
19, 41
17, 39
22, 38
21, 43
22, 38
23, 45
20, 36
21, 37
8, 36
7, 23
9, 14
10, 10
8, 12
5, 5
7, 30
4, 20
4, 4
5, 15
13, 13
11, 29
9, 9
8, 8
10, 16
12, 18
13, 19
14, 20
15, 21
15, 20
19, 26
19, 25
9, 25
10, 10
11, 32
12, 33
13, 29
14, 30
16, 32
17, 23
16, 31
15, 15
19, 34
4, 17
20, 36
1, 20
21, 36
16, 32
9, 12
8, 24
11, 24
10, 32
1, 1
4, 19
2, 19
2, 20
3, 3
20, 32
18, 30
17, 32
13, 28
15, 27
17, 19
16, 16
17, 24
6, 6
18, 34
8, 11
9, 12
9, 10
7, 7
7, 7
3, 19
4, 17
7, 14
6, 18
2, 2
19, 19
18, 34
10, 25
16, 22
12, 27
11, 27
14, 34
13, 28
17, 34
15, 31
17, 32
11, 21
20, 28
18, 34
23, 46
22, 29
23, 47
24, 39
21, 24
22, 43
9, 25
8, 24
10, 12
10, 14
8, 8
5, 16
8, 8
5, 20
5, 17
6, 15
14, 28
12, 30
9, 16
8, 15
10, 17
12, 22
13, 23
14, 21
15, 22
16, 20
15, 30
15, 29
5, 41
6, 38
7, 39
8, 8
9, 35
10, 36
12, 32
13, 33
12, 34
11, 39
15, 25
7, 15
16, 16
5, 6
17, 41
12, 40
5, 31
4, 32
7, 7
6, 30
3, 19
4, 19
2, 21
4, 7
6, 16
16, 30
14, 26
13, 47
9, 31
11, 33
13, 23
15, 19
14, 22
2, 2
14, 32
6, 16
7, 15
10, 13
10, 12
3, 33
1, 1
2, 20
5, 17
9, 13
5, 17
15, 47
14, 44
6, 36
12, 26
8, 36
7, 47
10, 38
9, 31
13, 13
11, 41
13, 27
14, 16
16, 38
14, 26
19, 47
18, 22
19, 19
20, 43
17, 47
18, 18
5, 5
4, 36
8, 14
9, 9
11, 11
8, 9
4, 34
1, 1
3, 19
4, 18
10, 25
8, 30
12, 13
11, 13
13, 15
15, 15
16, 17
17, 19
16, 19
12, 23
17, 31
17, 29
7, 7
8, 8
9, 33
10, 28
11, 11
12, 30
14, 34
15, 21
14, 32
13, 13
17, 35
5, 15
18, 18
3, 21
19, 19
14, 14
7, 25
6, 6
9, 25
8, 30
1, 19
2, 2
2, 20
2, 18
4, 4
18, 30
16, 16
15, 27
11, 27
13, 31
15, 23
17, 21
16, 18
4, 22
16, 32
6, 6
7, 13
10, 10
8, 12
5, 24
1, 19
2, 18
5, 15
7, 7
3, 3
17, 35
16, 35
8, 26
14, 26
10, 28
9, 27
12, 30
11, 11
15, 33
13, 37
15, 33
12, 13
18, 42
16, 28
21, 39
20, 42
21, 41
22, 40
19, 37
20, 42
7, 25
6, 31
8, 15
9, 12
9, 10
6, 7
6, 24
3, 21
3, 17
4, 16
12, 26
10, 24
10, 14
9, 13
11, 15
13, 17
14, 18
15, 15
16, 20
14, 21
19, 33
19, 35
9, 37
10, 24
11, 14
12, 36
13, 34
16, 28
17, 20
16, 16
15, 35
19, 41
3, 17
20, 28
2, 20
21, 31
16, 32
9, 25
8, 26
11, 31
10, 24
1, 19
2, 21
2, 18
2, 18
20, 34
18, 22
17, 61
13, 24
15, 27
15, 26
16, 24
6, 20
18, 32
8, 12
9, 9
8, 8
6, 14
7, 30
3, 3
4, 7
7, 7
5, 18
1, 19
19, 43
18, 32
10, 24
16, 23
12, 26
11, 25
14, 28
13, 36
15, 35
17, 45
10, 18
20, 42
18, 18
23, 40
22, 26
23, 40
24, 48
21, 38
22, 40
9, 23
8, 22
10, 13
9, 12
7, 16
4, 19
8, 8
5, 15
6, 14
14, 28
12, 29
8, 8
7, 15
9, 17
11, 19
12, 20
13, 24
14, 22
16, 26
21, 23
21, 23
11, 27
12, 13
13, 23
14, 34
15, 31
16, 28
18, 38
19, 37
18, 18
17, 39
21, 32
1, 19
22, 40
2, 19
23, 45
18, 28
11, 23
10, 24
13, 23
12, 22
3, 17
3, 21
6, 6
4, 4
2, 18
22, 34
20, 32
19, 31
15, 25
17, 27
15, 28
13, 26
14, 26
8, 8
20, 24
10, 11
9, 12
6, 14
4, 16
9, 19
5, 15
6, 7
9, 11
3, 17
1, 19
21, 49
20, 42
12, 22
18, 30
14, 14
13, 41
16, 44
15, 31
19, 29
17, 27
19, 33
8, 20
22, 31
20, 30
25, 27
24, 34
25, 37
26, 36
23, 51
24, 34
11, 11
10, 52
8, 15
7, 13
5, 15
2, 2
10, 34
7, 7
7, 13
8, 12
16, 26
14, 40
6, 19
5, 17
7, 19
9, 22
10, 10
11, 11
12, 24
16, 28
1, 43
1, 1
11, 15
10, 10
9, 17
8, 18
7, 19
6, 38
4, 22
3, 3
6, 38
5, 5
9, 35
21, 36
18, 26
21, 33
11, 33
22, 22
11, 35
12, 14
9, 17
10, 10
19, 27
20, 34
16, 38
18, 42
20, 34
22, 32
2, 2
3, 23
7, 7
5, 21
7, 23
9, 25
8, 8
14, 14
2, 2
22, 32
23, 33
20, 36
18, 26
13, 13
17, 28
18, 30
21, 33
19, 19
21, 34
19, 25
20, 24
16, 28
4, 4
18, 26
17, 29
20, 20
19, 25
21, 37
21, 23
7, 37
14, 30
10, 34
8, 36
13, 13
12, 32
15, 29
14, 30
17, 27
16, 28
15, 29
14, 30
22, 34
21, 21
19, 37
20, 36
12, 32
15, 45
19, 29
20, 32
6, 20
8, 18
16, 32
17, 27
15, 31
13, 29
12, 32
11, 11
10, 26
6, 22
3, 23
1, 1
13, 13
12, 14
11, 37
10, 38
9, 17
8, 18
6, 38
5, 21
8, 40
7, 19
11, 37
19, 33
20, 24
19, 23
13, 13
20, 24
9, 17
10, 10
7, 37
8, 8
17, 37
18, 30
14, 14
16, 34
18, 32
20, 34
2, 44
1, 25
5, 21
3, 23
5, 43
7, 27
6, 44
12, 38
4, 22
20, 34
21, 32
18, 18
16, 28
11, 33
15, 35
16, 35
19, 35
17, 35
19, 31
21, 33
22, 34
14, 30
2, 24
16, 28
15, 19
18, 38
17, 27
21, 35
19, 37
9, 39
12, 12
12, 12
10, 34
15, 29
14, 14
17, 31
16, 32
19, 29
18, 30
13, 31
12, 32
20, 32
19, 27
17, 37
18, 34
12, 34
13, 35
17, 27
18, 28
4, 22
6, 38
14, 38
15, 53
13, 13
11, 33
10, 34
9, 9
8, 28
4, 24
4, 4
2, 24
12, 14
13, 13
12, 14
11, 15
10, 16
9, 37
7, 19
6, 20
9, 35
8, 8
12, 38
18, 32
21, 29
18, 31
14, 36
19, 35
8, 18
9, 9
6, 20
7, 7
16, 22
17, 29
13, 27
15, 24
17, 29
19, 32
3, 3
1, 1
4, 22
2, 24
4, 26
6, 28
5, 5
11, 11
5, 21
19, 29
20, 28
17, 33
15, 15
10, 10
14, 26
15, 33
18, 38
16, 34
18, 30
22, 22
21, 21
13, 19
1, 1
15, 15
14, 30
17, 37
16, 28
20, 24
18, 26
10, 20
11, 11
13, 31
11, 21
16, 16
15, 29
18, 28
17, 33
20, 20
19, 29
12, 32
11, 33
19, 31
18, 26
16, 34
17, 33
11, 15
12, 27
16, 27
17, 27
3, 23
5, 5
13, 13
14, 26
12, 12
10, 32
9, 9
8, 8
7, 7
3, 25
8, 8
6, 20
8, 38
9, 17
10, 36
11, 11
12, 14
13, 13
11, 15
10, 10
13, 31
12, 12
16, 28
16, 32
19, 27
14, 30
18, 20
15, 29
4, 4
5, 5
2, 24
3, 41
12, 22
13, 22
9, 9
11, 29
13, 29
15, 31
7, 19
5, 5
4, 4
2, 42
4, 30
6, 6
5, 31
7, 28
9, 17
15, 21
16, 24
17, 19
15, 35
6, 20
10, 24
11, 32
14, 28
16, 16
14, 26
18, 18
17, 29
9, 9
3, 23
11, 33
10, 36
13, 31
12, 34
16, 30
14, 32
14, 30
11, 23
17, 27
15, 29
20, 22
19, 25
22, 24
21, 23
20, 26
21, 25
8, 8
7, 37
17, 23
18, 22
16, 36
17, 17
7, 7
8, 28
12, 33
13, 27
1, 25
1, 25
13, 13
14, 14
12, 38
10, 10
9, 25
8, 28
7, 7
3, 25
6, 6
4, 4
10, 16
11, 15
12, 12
13, 13
12, 14
11, 15
9, 17
8, 18
11, 33
10, 16
14, 20
16, 18
21, 29
16, 28
16, 28
17, 27
6, 6
7, 19
4, 22
5, 5
14, 21
15, 18
11, 33
13, 25
15, 27
17, 29
5, 5
3, 23
2, 24
2, 24
2, 2
4, 4
3, 3
9, 26
7, 19
17, 27
18, 28
15, 23
13, 21
8, 18
12, 24
13, 24
16, 20
14, 24
16, 28
20, 24
19, 31
11, 21
1, 25
13, 37
12, 32
15, 29
14, 36
18, 32
16, 28
12, 12
9, 9
15, 29
13, 19
18, 24
17, 27
20, 34
19, 25
22, 22
21, 27
10, 34
9, 35
17, 29
16, 30
14, 32
15, 15
9, 17
10, 26
14, 34
15, 29
1, 25
3, 23
11, 11
12, 22
10, 10
8, 8
7, 27
6, 41
5, 31
1, 1
8, 22
6, 24
12, 18
13, 17
14, 16
15, 39
14, 16
13, 17
11, 19
10, 20
13, 35
12, 18
16, 22
14, 29
23, 31
17, 27
18, 30
19, 19
8, 40
9, 9
6, 24
7, 23
16, 18
17, 25
13, 23
15, 23
17, 25
15, 15
7, 23
5, 25
4, 26
4, 26
2, 32
2, 2
1, 1
11, 24
9, 21
17, 25
16, 26
13, 29
11, 11
10, 10
14, 21
15, 21
18, 18
12, 30
16, 27
22, 22
21, 27
13, 35
3, 3
15, 39
14, 34
17, 31
16, 32
20, 30
18, 30
14, 34
7, 7
17, 31
15, 15
20, 28
19, 29
22, 26
21, 27
24, 30
23, 23
12, 36
11, 37
15, 27
14, 28
12, 12
13, 29
11, 11
12, 22
16, 20
17, 23
3, 3
5, 25
9, 9
10, 10
8, 8
6, 6
5, 5
4, 4
3, 3
1, 1
10, 10
8, 26
14, 20
15, 19
16, 42
17, 17
16, 18
15, 29
13, 21
12, 22
15, 21
14, 20
18, 44
12, 26
25, 27
15, 18
20, 20
21, 31
10, 24
11, 11
8, 50
9, 9
16, 17
16, 17
15, 21
17, 18
15, 23
13, 25
9, 25
7, 27
6, 28
6, 28
4, 4
2, 2
1, 1
13, 21
11, 23
15, 15
14, 14
11, 27
9, 9
12, 22
16, 20
17, 20
16, 22
10, 28
14, 24
24, 34
23, 29
15, 43
5, 5
17, 35
16, 42
19, 33
18, 40
22, 48
20, 32
16, 22
5, 5
19, 43
17, 35
22, 30
21, 31
24, 30
23, 29
26, 32
25, 27
14, 38
13, 39
13, 28
12, 26
10, 29
11, 27
13, 45
14, 21
18, 20
17, 21
5, 5
7, 27
7, 7
8, 8
6, 6
4, 4
3, 3
2, 2
1, 1
3, 3
9, 23
7, 25
13, 19
14, 42
15, 15
16, 40
15, 17
14, 18
12, 20
11, 21
14, 46
13, 19
17, 43
13, 27
24, 32
16, 25
19, 55
20, 46
9, 23
10, 22
7, 25
8, 24
17, 23
17, 24
16, 22
16, 24
14, 26
8, 42
6, 26
5, 27
5, 27
3, 33
1, 1
1, 1
12, 24
10, 22
16, 24
15, 25
12, 28
10, 10
11, 21
15, 20
16, 21
17, 23
11, 29
15, 25
23, 33
22, 22
14, 24
4, 28
16, 56
15, 15
18, 38
17, 39
21, 35
19, 31
15, 35
6, 6
18, 32
16, 22
21, 29
20, 40
23, 27
22, 28
25, 31
24, 30
13, 43
12, 38
14, 26
13, 27
11, 11
12, 28
12, 44
13, 22
17, 21
18, 22
4, 30
6, 44
8, 8
9, 9
7, 7
5, 5
4, 4
3, 3
2, 2
2, 42
13, 33
13, 30
3, 25
4, 4
5, 23
6, 22
7, 7
8, 20
10, 10
11, 34
10, 20
9, 19
13, 49
9, 17
14, 22
7, 20
15, 43
10, 10
3, 33
2, 32
5, 5
4, 24
5, 21
6, 21
2, 2
4, 22
6, 20
8, 9
14, 32
12, 12
11, 37
7, 27
9, 26
11, 25
13, 23
12, 22
12, 16
8, 18
9, 17
12, 14
12, 13
1, 1
3, 3
4, 22
7, 19
11, 15
7, 19
13, 45
12, 34
4, 38
10, 28
6, 38
5, 41
8, 40
7, 29
11, 35
9, 27
11, 25
16, 18
14, 22
12, 24
17, 19
16, 26
17, 19
18, 18
15, 21
16, 30
3, 33
2, 34
10, 16
11, 15
13, 13
10, 16
2, 36
1, 1
5, 21
6, 20
8, 34
6, 30
14, 14
13, 15
15, 15
17, 19
16, 20
15, 21
14, 22
10, 26
1, 1
3, 23
9, 9
8, 18
7, 7
6, 6
5, 21
4, 22
2, 2
1, 25
4, 24
3, 3
7, 7
21, 33
16, 36
19, 26
9, 9
20, 24
13, 13
12, 14
11, 15
12, 32
17, 33
18, 27
14, 30
16, 38
18, 34
20, 25
2, 2
4, 22
5, 21
9, 9
7, 19
9, 9
11, 11
10, 22
12, 16
20, 35
21, 36
22, 28
20, 30
11, 15
15, 29
16, 37
19, 33
21, 31
19, 25
17, 27
18, 26
14, 18
6, 6
16, 24
15, 31
18, 28
17, 23
19, 25
19, 23
5, 35
16, 28
8, 32
6, 6
11, 33
10, 10
13, 27
12, 28
15, 15
14, 34
13, 27
12, 16
22, 36
23, 31
21, 21
22, 22
10, 10
13, 31
17, 29
18, 28
8, 18
10, 16
18, 18
19, 29
17, 29
15, 27
14, 34
13, 25
12, 24
8, 8
21, 33
21, 31
11, 21
12, 39
13, 13
14, 24
15, 25
16, 38
18, 36
19, 27
18, 38
17, 17
21, 41
9, 11
22, 32
9, 12
23, 29
18, 18
11, 25
10, 10
13, 31
12, 24
7, 7
8, 13
6, 17
6, 14
8, 8
10, 10
22, 24
20, 30
19, 21
15, 15
17, 28
17, 25
15, 23
16, 24
8, 19
20, 34
1, 19
4, 16
6, 14
9, 27
5, 15
4, 16
1, 19
7, 13
9, 10
21, 43
20, 44
12, 22
18, 38
14, 24
13, 23
16, 26
15, 41
19, 43
17, 27
19, 31
10, 18
22, 40
20, 40
25, 37
24, 34
25, 35
26, 36
23, 23
24, 28
11, 21
10, 20
2, 18
3, 17
5, 15
8, 12
10, 36
7, 7
3, 17
2, 18
16, 28
14, 22
8, 16
7, 15
9, 9
11, 19
12, 20
13, 21
14, 22
18, 18
22, 34
22, 33
12, 12
13, 21
14, 32
15, 31
16, 30
17, 29
19, 27
20, 26
19, 51
18, 28
22, 44
8, 8
23, 32
10, 10
24, 32
19, 27
12, 34
11, 35
14, 23
13, 23
8, 12
9, 12
7, 15
7, 13
9, 11
9, 9
23, 33
21, 31
20, 30
16, 20
18, 29
16, 26
14, 24
15, 25
9, 17
21, 36
1, 19
3, 17
5, 15
10, 19
6, 14
5, 5
2, 18
6, 14
10, 10
22, 31
21, 37
13, 51
19, 30
15, 31
14, 30
17, 17
16, 24
20, 42
18, 26
20, 20
9, 19
23, 39
21, 45
26, 28
25, 41
26, 48
27, 43
24, 30
25, 34
12, 20
11, 19
1, 19
2, 18
4, 4
7, 7
11, 20
8, 16
4, 16
3, 17
17, 29
15, 23
7, 17
6, 16
8, 8
10, 10
11, 22
12, 12
13, 13
17, 17
21, 27
19, 29
15, 18
16, 42
17, 27
18, 28
19, 22
20, 30
22, 32
23, 23
22, 42
21, 31
25, 45
5, 15
26, 52
8, 14
27, 35
22, 22
15, 17
14, 22
17, 35
16, 36
9, 9
9, 9
10, 10
10, 10
8, 12
6, 14
20, 36
18, 34
17, 25
17, 21
15, 23
13, 13
11, 28
12, 12
12, 14
22, 42
4, 16
3, 18
2, 18
13, 39
9, 11
8, 13
5, 15
3, 17
7, 14
25, 37
24, 40
16, 18
16, 32
18, 28
17, 27
20, 23
19, 21
23, 39
21, 23
23, 33
6, 22
26, 36
24, 28
29, 33
28, 34
29, 31
30, 50
27, 33
28, 28
15, 25
14, 14
2, 18
1, 19
1, 19
4, 16
14, 32
11, 13
7, 14
6, 14
16, 32
18, 20
4, 20
3, 20
5, 21
7, 23
8, 24
9, 25
10, 27
14, 14
19, 25
17, 29
15, 17
16, 18
17, 27
18, 20
19, 25
20, 32
22, 22
21, 31
22, 40
21, 29
25, 36
3, 17
26, 28
6, 9
27, 35
22, 46
15, 33
14, 14
17, 35
16, 18
7, 13
7, 14
10, 10
8, 12
6, 14
4, 16
18, 26
16, 36
15, 23
15, 19
13, 33
11, 11
9, 9
10, 10
12, 13
20, 25
6, 14
5, 16
2, 18
13, 21
9, 11
10, 10
7, 13
1, 20
5, 15
25, 26
24, 36
16, 24
14, 22
18, 20
17, 18
20, 28
19, 27
23, 39
21, 21
23, 45
4, 4
26, 28
24, 26
29, 41
28, 36
29, 33
30, 38
27, 28
28, 30
15, 27
14, 16
4, 17
3, 17
1, 19
2, 19
14, 30
11, 11
9, 9
8, 13
14, 22
16, 20
2, 2
1, 1
3, 3
5, 5
6, 6
7, 7
8, 8
12, 22
12, 12
12, 32
2, 24
3, 3
4, 22
5, 5
6, 20
7, 27
9, 27
10, 16
9, 19
8, 8
12, 22
10, 10
13, 13
8, 21
14, 20
9, 35
2, 2
1, 25
4, 40
3, 23
6, 22
7, 23
3, 33
5, 33
7, 27
9, 25
13, 13
11, 33
10, 16
6, 6
8, 18
10, 10
12, 22
11, 21
1, 33
11, 15
9, 27
10, 19
13, 16
13, 13
4, 4
5, 31
8, 28
12, 13
8, 20
12, 32
11, 11
3, 31
9, 9
5, 29
4, 30
7, 7
6, 6
10, 24
8, 26
10, 20
17, 27
13, 13
11, 23
16, 26
15, 45
16, 42
17, 17
14, 14
15, 15
2, 2
1, 33
11, 37
12, 38
14, 14
11, 11
1, 25
2, 44
6, 33
7, 33
7, 19
5, 21
15, 19
14, 20
16, 18
16, 16
15, 43
14, 20
13, 23
9, 9
16, 36
16, 26
6, 6
7, 37
8, 36
9, 37
10, 10
11, 31
13, 21
14, 32
13, 29
12, 32
16, 38
6, 14
17, 45
4, 20
18, 18
13, 51
6, 6
5, 30
8, 28
7, 29
2, 18
3, 19
1, 1
1, 1
3, 20
5, 15
17, 37
15, 27
14, 34
10, 24
12, 32
14, 22
16, 20
15, 21
3, 3
15, 29
5, 15
6, 15
9, 11
9, 11
4, 32
1, 1
4, 16
8, 12
4, 4
16, 48
15, 47
7, 35
13, 23
9, 37
8, 36
11, 38
10, 38
14, 14
12, 12
14, 14
13, 15
17, 37
15, 37
20, 34
19, 39
20, 22
21, 21
18, 44
19, 19
6, 34
5, 33
7, 13
8, 12
10, 10
7, 13
5, 39
2, 2
2, 18
3, 17
11, 23
9, 25
11, 12
10, 12
12, 14
14, 14
15, 17
16, 18
17, 19
13, 21
17, 35
17, 36
7, 39
8, 26
9, 27
10, 36
11, 11
12, 34
14, 32
15, 31
14, 14
13, 33
17, 35
7, 13
18, 46
5, 16
19, 39
14, 40
7, 29
6, 24
9, 9
8, 28
3, 3
4, 17
2, 20
2, 18
4, 19
6, 14
18, 36
16, 26
15, 35
11, 29
13, 33
15, 21
17, 20
16, 20
4, 22
16, 30
4, 16
5, 15
8, 12
10, 10
5, 23
1, 19
3, 17
9, 9
5, 15
17, 44
16, 34
8, 27
14, 24
10, 36
9, 55
12, 38
11, 33
15, 41
13, 13
15, 35
14, 15
18, 37
16, 46
21, 21
20, 38
21, 39
22, 40
19, 37
20, 20
7, 33
6, 32
6, 6
7, 13
9, 11
8, 9
6, 24
3, 21
1, 20
2, 18
12, 30
10, 26
12, 13
11, 11
13, 13
15, 15
16, 16
17, 18
18, 18
14, 32
20, 32
20, 34
10, 36
11, 23
12, 34
13, 33
14, 26
15, 37
17, 35
18, 34
17, 37
16, 28
20, 34
10, 10
21, 34
8, 8
22, 28
17, 43
10, 26
9, 22
12, 24
11, 25
6, 6
7, 14
5, 18
5, 15
7, 13
9, 11
21, 32
19, 29
18, 28
14, 28
16, 28
18, 18
16, 23
17, 23
7, 19
19, 31
1, 20
2, 18
5, 15
7, 13
8, 28
4, 16
3, 17
8, 12
8, 12
20, 40
19, 31
11, 24
17, 27
13, 13
12, 24
15, 28
14, 34
18, 38
16, 42
18, 38
11, 17
21, 29
19, 33
24, 38
23, 36
24, 37
25, 37
22, 42
23, 36
10, 36
9, 21
3, 17
4, 4
6, 14
9, 9
9, 21
6, 18
2, 18
1, 20
15, 28
13, 29
9, 15
8, 14
10, 10
12, 19
13, 19
14, 20
15, 21
17, 25
20, 24
18, 36
14, 18
15, 16
16, 28
17, 21
18, 28
19, 29
21, 23
22, 32
21, 43
20, 24
24, 44
2, 2
25, 34
5, 5
26, 33
21, 31
14, 18
13, 39
16, 22
15, 19
6, 7
6, 18
9, 10
7, 13
5, 15
3, 17
19, 25
17, 35
16, 28
16, 34
14, 20
12, 30
10, 28
11, 29
11, 12
21, 39
7, 13
6, 14
3, 17
1, 19
12, 16
8, 12
9, 11
8, 13
4, 4
24, 24
23, 24
15, 25
15, 33
17, 45
16, 16
19, 23
18, 28
22, 32
20, 20
22, 36
5, 23
25, 34
23, 39
28, 40
27, 41
28, 32
29, 39
26, 43
27, 37
14, 18
13, 14
5, 15
4, 16
2, 2
1, 19
13, 31
10, 10
10, 11
9, 12
15, 33
17, 17
3, 21
2, 20
4, 22
6, 24
7, 7
8, 26
9, 27
13, 31
20, 34
20, 32
10, 22
11, 12
12, 40
13, 13
14, 15
15, 33
17, 37
18, 36
17, 29
16, 28
20, 20
2, 18
21, 33
1, 20
22, 23
17, 45
10, 34
9, 10
12, 22
11, 33
2, 18
2, 19
5, 17
3, 3
1, 19
1, 19
21, 34
19, 31
18, 30
14, 30
16, 28
16, 26
14, 24
15, 25
7, 19
19, 25
9, 11
10, 10
7, 13
5, 15
8, 20
4, 5
5, 15
8, 12
4, 16
20, 42
19, 32
11, 39
17, 29
13, 14
12, 13
15, 27
14, 26
18, 18
16, 28
18, 32
9, 20
21, 30
19, 41
24, 24
23, 39
24, 36
25, 37
22, 23
23, 49
10, 11
9, 21
9, 12
8, 12
6, 15
3, 17
9, 37
6, 18
6, 6
7, 13
15, 15
13, 33
7, 17
6, 16
8, 18
10, 20
11, 11
12, 22
13, 23
17, 27
18, 24
20, 20
14, 20
15, 19
16, 18
17, 37
16, 16
15, 19
15, 21
16, 22
13, 13
14, 14
10, 24
22, 40
1, 1
20, 36
8, 8
3, 31
14, 30
13, 23
16, 34
15, 29
18, 34
19, 51
15, 44
17, 45
19, 36
21, 49
19, 25
21, 21
22, 22
18, 28
20, 24
22, 26
24, 28
23, 23
13, 23
17, 37
21, 31
22, 30
25, 51
25, 27
12, 12
16, 16
17, 35
20, 32
24, 38
20, 21
1, 33
9, 35
21, 23
7, 7
8, 26
5, 29
6, 38
2, 32
4, 30
12, 12
29, 39
9, 9
11, 23
6, 6
7, 27
4, 30
5, 29
2, 2
3, 3
10, 34
11, 11
23, 43
24, 40
26, 44
23, 33
13, 21
14, 45
18, 18
19, 34
19, 31
17, 27
27, 31
26, 32
28, 34
28, 38
27, 31
26, 30
25, 35
21, 31
19, 23
21, 21
13, 21
14, 36
15, 33
16, 18
17, 31
16, 18
16, 28
17, 27
14, 30
15, 29
11, 11
21, 22
2, 32
19, 44
9, 25
2, 2
13, 13
12, 24
15, 33
14, 30
17, 45
18, 34
14, 26
16, 34
18, 44
20, 30
20, 24
22, 26
21, 23
17, 29
19, 25
21, 31
23, 35
22, 34
12, 50
18, 22
20, 20
21, 29
24, 39
24, 26
11, 33
15, 41
16, 34
19, 19
23, 39
19, 37
1, 1
8, 26
20, 32
6, 6
7, 7
4, 4
5, 39
1, 33
3, 31
13, 21
28, 40
10, 34
12, 12
7, 27
8, 8
5, 5
6, 28
3, 3
4, 30
9, 9
10, 24
22, 34
23, 39
25, 25
22, 35
12, 22
13, 35
17, 33
18, 30
18, 30
16, 28
26, 42
25, 43
27, 35
27, 37
26, 32
25, 31
24, 44
20, 26
15, 31
15, 29
5, 29
6, 26
7, 27
8, 38
9, 9
10, 24
12, 20
13, 13
12, 22
11, 11
15, 19
13, 27
10, 24
11, 32
17, 17
6, 6
5, 33
4, 4
7, 7
6, 38
9, 25
10, 25
6, 34
8, 26
10, 24
12, 22
16, 30
14, 14
13, 31
9, 35
11, 33
13, 35
15, 43
14, 36
4, 32
14, 18
12, 22
13, 13
16, 42
16, 18
3, 3
7, 35
8, 26
11, 37
15, 25
11, 12
9, 9
8, 26
12, 12
2, 2
1, 33
4, 30
3, 3
7, 37
5, 29
13, 21
20, 48
16, 18
14, 20
15, 19
16, 16
13, 13
14, 14
11, 11
12, 22
1, 1
2, 32
14, 21
15, 27
17, 17
14, 20
4, 4
5, 37
9, 25
10, 24
10, 34
8, 36
18, 19
17, 33
19, 20
19, 53
18, 46
17, 17
16, 24
12, 40
5, 21
3, 23
11, 41
12, 12
13, 13
12, 40
11, 11
10, 10
8, 18
7, 19
10, 34
9, 9
13, 13
17, 27
22, 22
17, 20
15, 15
18, 26
7, 19
8, 18
5, 21
6, 20
15, 31
16, 31
12, 42
14, 40
16, 30
18, 19
4, 22
2, 24
1, 25
3, 23
1, 25
3, 27
5, 29
4, 28
10, 10
6, 20
18, 28
19, 29
16, 32
14, 35
9, 9
13, 24
14, 32
17, 27
15, 33
17, 30
21, 23
20, 32
12, 32
14, 22
13, 21
16, 28
15, 29
19, 33
17, 25
11, 33
10, 10
14, 14
12, 32
17, 35
16, 28
19, 25
18, 34
21, 31
20, 32
11, 33
10, 34
18, 18
17, 31
15, 33
16, 20
10, 10
11, 26
15, 25
16, 26
2, 2
4, 40
12, 24
13, 23
11, 11
9, 9
8, 32
7, 7
6, 6
2, 26
17, 25
17, 27
7, 27
8, 26
9, 25
10, 24
11, 11
12, 46
14, 22
15, 23
14, 14
13, 21
17, 17
15, 23
8, 26
13, 35
15, 15
4, 30
7, 31
6, 30
9, 35
8, 8
11, 45
12, 39
8, 38
10, 34
12, 40
14, 24
18, 26
16, 20
15, 21
11, 33
13, 31
15, 33
17, 17
16, 26
6, 6
16, 16
14, 25
15, 23
18, 18
18, 18
5, 29
9, 37
10, 28
13, 33
17, 17
13, 35
7, 7
6, 28
2, 42
14, 22
1, 33
2, 2
1, 33
5, 29
3, 31
15, 15
22, 24
16, 16
16, 18
13, 21
14, 38
11, 23
12, 12
9, 43
10, 10
3, 31
4, 4
16, 50
17, 22
19, 19
16, 41
6, 40
7, 39
11, 28
12, 34
12, 12
10, 34
20, 21
19, 43
21, 23
21, 21
20, 44
19, 43
18, 36
14, 38
16, 26
16, 28
6, 28
7, 27
8, 26
9, 25
10, 24
11, 23
13, 13
14, 14
13, 23
12, 22
16, 26
14, 22
9, 35
12, 31
16, 18
5, 5
6, 32
5, 31
8, 36
7, 37
10, 36
11, 26
7, 35
9, 27
11, 25
13, 49
17, 27
15, 29
14, 20
10, 10
12, 32
14, 34
16, 36
15, 41
5, 41
15, 25
13, 23
14, 22
17, 27
17, 19
4, 40
8, 35
9, 9
12, 32
16, 20
12, 24
8, 8
7, 37
1, 1
13, 31
1, 33
3, 3
2, 2
6, 28
4, 4
14, 20
21, 21
17, 17
15, 19
14, 20
15, 19
12, 12
13, 21
10, 10
11, 11
2, 42
3, 31
15, 24
16, 20
18, 28
15, 21
5, 29
6, 6
10, 27
11, 25
11, 37
9, 35
19, 23
18, 44
20, 42
20, 40
19, 19
18, 44
17, 37
13, 39
19, 23
19, 25
9, 25
10, 24
11, 23
12, 22
13, 31
14, 20
16, 16
17, 29
16, 16
15, 31
15, 19
17, 25
6, 28
15, 31
13, 21
2, 32
9, 29
8, 28
11, 33
10, 34
13, 30
14, 29
10, 52
12, 30
14, 31
16, 26
20, 26
18, 26
17, 27
13, 31
15, 29
17, 37
19, 33
18, 32
8, 28
18, 28
16, 26
17, 47
20, 42
20, 21
7, 7
11, 39
12, 30
15, 41
19, 29
15, 27
5, 5
4, 30
4, 4
16, 36
2, 32
3, 3
1, 33
3, 31
1, 1
17, 17
24, 44
14, 38
16, 18
11, 11
12, 12
9, 9
10, 10
7, 27
8, 8
5, 29
6, 28
18, 46
19, 23
21, 21
18, 46
8, 8
9, 41
13, 13
14, 36
14, 30
12, 12
22, 24
21, 21
23, 25
23, 39
22, 32
21, 41
20, 20
16, 16
18, 24
18, 26
8, 26
9, 25
10, 34
11, 27
12, 22
13, 31
15, 21
16, 22
15, 19
14, 20
16, 36
16, 30
7, 27
14, 27
14, 20
3, 3
8, 30
7, 7
10, 32
9, 29
12, 35
13, 28
9, 37
11, 29
13, 49
15, 47
19, 25
17, 39
16, 38
12, 12
14, 30
16, 32
18, 34
17, 33
7, 7
17, 21
15, 26
16, 24
19, 29
19, 19
6, 6
10, 38
11, 29
14, 34
18, 18
14, 32
6, 6
5, 29
3, 31
15, 29
1, 1
2, 2
1, 1
4, 30
2, 42
16, 26
23, 45
15, 19
17, 17
12, 22
13, 35
10, 24
11, 33
8, 42
9, 9
4, 30
5, 5
17, 17
18, 44
20, 20
17, 45
7, 7
8, 8
12, 28
13, 27
13, 35
11, 33
21, 47
20, 26
22, 24
22, 38
21, 37
20, 27
19, 35
15, 25
20, 24
22, 24
12, 22
13, 21
14, 20
15, 19
16, 18
17, 17
17, 27
18, 26
15, 19
16, 18
12, 22
20, 21
3, 3
18, 34
10, 24
1, 33
12, 32
11, 33
14, 30
13, 13
16, 16
17, 20
13, 13
15, 15
17, 45
19, 43
21, 23
21, 23
20, 34
16, 30
18, 32
20, 28
22, 30
21, 21
11, 11
19, 21
19, 29
20, 36
23, 39
23, 31
10, 10
14, 50
15, 33
18, 44
22, 40
18, 18
2, 2
1, 1
7, 27
19, 25
5, 5
6, 28
3, 31
4, 30
2, 32
14, 20
27, 41
11, 23
13, 21
8, 26
9, 35
6, 28
7, 7
4, 4
5, 5
8, 26
9, 25
21, 35
22, 26
24, 24
21, 33
11, 23
12, 42
16, 42
17, 43
17, 27
15, 29
25, 37
24, 26
26, 38
26, 36
25, 35
24, 24
23, 31
19, 27
20, 22
20, 38
10, 24
11, 11
12, 12
13, 21
14, 20
15, 19
17, 17
18, 20
17, 17
16, 18
14, 20
18, 19
5, 29
16, 29
12, 22
1, 1
10, 10
9, 27
12, 32
11, 33
14, 30
15, 15
11, 39
13, 31
15, 29
17, 33
21, 21
19, 25
18, 26
14, 28
16, 28
18, 36
20, 38
19, 19
9, 9
19, 27
17, 27
18, 27
21, 24
21, 29
8, 8
12, 40
13, 32
16, 42
20, 42
16, 35
4, 4
3, 31
5, 29
17, 17
3, 31
4, 30
1, 1
2, 32
2, 32
16, 18
25, 27
13, 33
15, 15
10, 10
11, 23
8, 8
9, 9
6, 28
7, 27
6, 6
7, 27
19, 43
20, 25
22, 42
19, 25
9, 9
10, 40
14, 30
15, 37
15, 29
13, 31
23, 45
22, 28
24, 38
24, 36
23, 41
22, 22
21, 39
17, 35
6, 36
8, 8
8, 26
7, 7
6, 6
5, 29
4, 30
3, 3
3, 27
4, 4
1, 1
2, 2
2, 2
20, 35
11, 11
18, 32
4, 4
15, 15
12, 18
11, 25
14, 46
13, 17
16, 30
17, 32
13, 13
15, 34
17, 31
19, 35
7, 7
9, 39
10, 40
14, 30
12, 18
14, 34
16, 22
15, 15
11, 25
5, 35
19, 51
20, 42
23, 39
23, 25
10, 10
14, 42
15, 35
18, 44
22, 22
18, 40
12, 12
13, 13
13, 21
11, 19
15, 19
14, 20
17, 17
16, 34
14, 14
16, 16
21, 27
3, 3
1, 33
6, 6
5, 29
8, 8
7, 7
10, 10
9, 9
12, 22
11, 23
21, 41
22, 34
24, 24
21, 33
9, 21
12, 36
16, 30
17, 33
13, 31
15, 29
23, 43
24, 30
22, 28
20, 26
19, 19
18, 24
17, 23
13, 33
15, 15
13, 13
19, 49
20, 24
21, 25
22, 24
21, 25
20, 20
18, 26
17, 27
20, 42
19, 25
23, 39
7, 21
30, 38
10, 10
25, 31
26, 26
15, 19
16, 16
13, 13
14, 30
11, 17
11, 12
14, 16
12, 16
10, 13
8, 20
14, 14
12, 32
11, 11
11, 23
9, 27
7, 7
5, 5
6, 6
16, 18
16, 16
10, 18
9, 19
6, 22
4, 4
17, 19
13, 15
14, 14
11, 17
5, 23
9, 19
29, 39
28, 40
20, 20
10, 34
22, 22
21, 41
24, 44
23, 45
27, 27
25, 37
21, 41
24, 38
22, 40
27, 35
26, 32
29, 29
28, 34
31, 37
30, 36
19, 19
18, 18
8, 20
7, 21
5, 23
6, 22
18, 26
15, 17
13, 16
12, 17
10, 10
12, 24
2, 2
3, 3
1, 1
1, 1
2, 2
3, 3
4, 4
8, 28
9, 27
11, 35
11, 23
10, 44
9, 27
8, 8
7, 27
6, 40
6, 6
7, 7
4, 30
5, 39
1, 1
23, 31
8, 26
21, 32
1, 33
12, 22
15, 23
14, 22
17, 19
16, 24
19, 41
20, 35
18, 36
20, 34
22, 32
10, 26
12, 24
13, 23
17, 27
15, 21
17, 31
19, 33
18, 24
14, 48
8, 36
22, 32
23, 31
26, 46
26, 28
13, 21
17, 39
18, 38
21, 41
25, 39
21, 33
9, 25
10, 24
16, 18
14, 30
16, 36
17, 27
14, 20
15, 15
11, 11
13, 13
3, 3
24, 38
2, 32
3, 31
2, 32
5, 5
4, 30
7, 7
6, 6
15, 19
14, 20
24, 44
25, 37
27, 43
24, 36
12, 24
15, 39
19, 27
20, 41
16, 28
18, 28
26, 40
27, 27
25, 31
23, 37
22, 46
21, 35
20, 26
16, 30
7, 35
9, 37
9, 25
8, 46
7, 27
6, 28
5, 29
4, 42
4, 28
5, 27
2, 2
3, 31
1, 33
21, 41
10, 24
19, 32
3, 3
14, 20
13, 31
12, 20
15, 45
14, 26
17, 33
18, 33
14, 54
16, 38
18, 44
20, 20
8, 36
10, 34
11, 33
15, 29
13, 41
15, 33
17, 35
16, 16
12, 24
6, 26
20, 30
21, 29
24, 40
24, 26
11, 21
15, 37
16, 36
19, 31
23, 45
19, 43
11, 11
12, 32
14, 20
12, 32
16, 34
15, 19
16, 18
17, 27
13, 43
15, 15
1, 1
22, 28
2, 32
5, 5
4, 30
7, 7
6, 6
9, 25
8, 8
13, 21
12, 22
22, 41
23, 43
25, 45
22, 34
10, 36
13, 25
17, 33
18, 42
14, 30
16, 44
24, 24
25, 25
23, 29
21, 41
20, 38
19, 25
18, 24
14, 32
12, 30
14, 32
14, 20
13, 21
12, 30
11, 23
10, 24
9, 9
9, 27
10, 28
7, 7
8, 26
4, 40
26, 36
5, 29
24, 27
2, 32
9, 25
18, 20
17, 19
20, 20
19, 21
22, 38
23, 44
19, 41
21, 39
23, 37
25, 37
13, 13
15, 29
16, 34
20, 24
18, 26
20, 28
22, 40
21, 27
17, 27
11, 31
25, 43
26, 34
29, 39
29, 33
16, 16
20, 40
21, 41
24, 38
28, 34
24, 46
6, 6
7, 27
15, 15
17, 25
13, 21
14, 30
11, 39
12, 22
8, 8
10, 24
6, 28
27, 33
3, 3
5, 29
1, 33
2, 42
1, 1
4, 30
3, 3
16, 16
17, 17
27, 36
28, 32
30, 38
27, 33
15, 19
18, 44
22, 38
23, 45
19, 25
21, 39
29, 37
30, 38
28, 36
26, 32
25, 35
24, 32
23, 41
19, 27
11, 31
13, 27
13, 21
12, 12
11, 11
10, 30
9, 25
8, 8
8, 28
9, 9
6, 6
7, 7
3, 31
25, 37
6, 6
23, 36
1, 1
10, 24
17, 23
16, 24
19, 27
18, 22
21, 41
22, 26
18, 22
20, 48
22, 36
24, 34
12, 32
14, 30
15, 29
19, 25
17, 27
19, 25
21, 31
20, 20
16, 20
10, 30
24, 34
25, 37
28, 32
28, 40
15, 19
19, 41
20, 50
23, 35
27, 31
23, 27
7, 7
8, 8
16, 18
16, 16
14, 14
15, 15
12, 22
13, 21
9, 35
11, 23
5, 5
26, 36
2, 32
4, 4
1, 1
3, 31
2, 32
5, 29
4, 4
17, 17
16, 18
26, 36
27, 31
29, 31
26, 32
14, 20
17, 47
21, 49
22, 44
18, 22
20, 20
28, 38
29, 29
27, 33
25, 25
24, 38
23, 33
22, 28
18, 24
14, 30
16, 16
16, 30
15, 19
14, 40
13, 37
12, 36
11, 11
11, 11
12, 26
9, 25
10, 24
6, 28
26, 36
3, 31
24, 27
4, 30
7, 7
18, 40
17, 17
20, 24
19, 39
22, 38
23, 44
19, 45
21, 45
23, 39
25, 37
15, 29
17, 31
18, 28
22, 22
20, 54
22, 28
24, 24
23, 23
17, 19
13, 13
25, 47
26, 48
29, 33
29, 33
16, 18
20, 22
21, 43
24, 46
28, 38
24, 36
4, 30
5, 29
13, 31
19, 33
11, 11
12, 22
9, 9
10, 24
6, 28
8, 26
8, 8
29, 33
5, 29
7, 7
2, 2
3, 31
1, 33
2, 32
1, 33
14, 46
15, 29
27, 41
28, 35
30, 30
27, 39
17, 17
18, 18
22, 44
23, 37
21, 25
21, 23
31, 37
30, 42
30, 34
28, 32
27, 33
26, 40
25, 41
21, 27
13, 29
15, 31
15, 19
14, 20
13, 13
12, 22
11, 23
10, 24
10, 26
11, 11
8, 8
9, 9
5, 29
27, 37
4, 4
25, 26
3, 3
8, 26
19, 19
18, 18
21, 21
20, 24
23, 39
24, 39
20, 20
22, 46
24, 46
26, 36
14, 30
16, 32
17, 27
21, 23
19, 25
21, 27
23, 29
22, 22
18, 18
12, 28
26, 36
27, 37
30, 50
30, 31
17, 17
21, 21
22, 22
25, 25
29, 33
25, 26
5, 5
6, 38
14, 20
18, 18
12, 22
13, 21
10, 24
11, 23
7, 27
9, 25
7, 7
28, 34
4, 30
6, 28
1, 1
2, 2
1, 33
3, 3
2, 32
15, 19
16, 16
28, 34
29, 39
31, 33
28, 34
16, 16
19, 45
23, 43
24, 46
20, 24
22, 22
30, 32
31, 37
29, 35
27, 33
26, 36
25, 31
24, 30
20, 26
16, 28
18, 18
16, 16
17, 17
16, 16
15, 19
14, 14
13, 37
13, 23
14, 24
11, 11
12, 12
8, 26
24, 38
1, 33
22, 29
6, 28
5, 5
16, 22
15, 15
18, 24
17, 17
20, 37
21, 37
17, 33
19, 43
21, 35
23, 39
17, 27
19, 29
20, 24
20, 24
22, 28
24, 34
26, 26
25, 31
15, 15
15, 29
23, 47
24, 33
27, 27
27, 35
14, 14
18, 46
19, 37
22, 48
26, 30
22, 23
2, 2
3, 3
11, 23
21, 21
9, 25
10, 10
7, 27
8, 26
4, 30
6, 28
10, 10
31, 37
7, 7
9, 25
4, 4
5, 29
2, 32
3, 31
1, 1
12, 22
13, 31
25, 31
26, 30
28, 34
25, 26
15, 19
16, 16
20, 44
21, 43
21, 21
19, 25
29, 39
28, 40
30, 38
30, 30
29, 35
28, 34
27, 27
23, 29
15, 33
17, 27
17, 17
16, 18
15, 37
14, 14
13, 13
12, 22
12, 12
13, 25
10, 10
11, 11
7, 7
25, 37
2, 32
23, 39
5, 5
6, 6
17, 17
16, 28
19, 37
18, 26
21, 21
22, 26
18, 46
20, 43
22, 36
24, 28
16, 28
18, 26
19, 25
21, 25
21, 33
23, 25
25, 27
24, 30
16, 20
14, 14
24, 34
25, 33
28, 30
28, 34
15, 15
19, 19
20, 38
23, 41
27, 45
23, 35
3, 3
4, 30
12, 22
20, 24
10, 24
11, 23
8, 26
9, 25
5, 39
7, 7
9, 25
30, 30
6, 28
8, 26
3, 31
4, 4
1, 1
2, 2
1, 33
13, 13
14, 20
26, 36
27, 37
29, 33
26, 52
16, 30
17, 47
21, 41
22, 42
22, 22
20, 24
30, 31
29, 39
31, 33
29, 41
28, 40
27, 27
26, 28
22, 28
14, 16
14, 30
4, 30
5, 29
6, 38
7, 27
8, 8
9, 25
11, 11
12, 26
11, 23
10, 24
14, 20
12, 20
11, 23
10, 38
16, 18
7, 27
4, 34
3, 3
6, 38
5, 39
8, 8
9, 9
5, 33
7, 26
9, 9
11, 21
15, 29
13, 31
12, 32
8, 8
10, 40
12, 36
14, 24
13, 13
3, 33
13, 27
11, 29
12, 38
15, 41
15, 15
2, 2
6, 6
7, 25
10, 30
14, 18
10, 22
10, 34
9, 9
1, 1
11, 33
3, 3
2, 2
5, 29
4, 30
8, 26
6, 38
12, 22
19, 43
15, 19
13, 37
16, 18
17, 17
14, 20
15, 15
12, 22
13, 21
1, 1
13, 13
14, 50
16, 16
13, 19
3, 31
4, 34
8, 8
9, 23
9, 39
7, 37
17, 45
16, 18
18, 18
18, 42
17, 41
16, 46
15, 45
11, 11
13, 15
13, 31
3, 31
4, 4
5, 29
6, 28
7, 21
8, 26
10, 18
11, 27
10, 24
9, 25
13, 21
11, 25
12, 12
9, 25
15, 19
8, 26
3, 3
2, 34
5, 23
4, 36
7, 23
8, 23
4, 34
6, 24
8, 54
10, 38
14, 32
12, 32
11, 33
7, 7
9, 9
11, 37
13, 45
12, 38
2, 34
12, 34
10, 20
11, 19
14, 50
14, 15
1, 33
5, 5
6, 32
9, 21
13, 17
9, 21
11, 11
10, 50
2, 2
10, 34
4, 30
3, 3
6, 28
5, 5
9, 25
7, 27
11, 23
18, 18
14, 20
12, 22
17, 17
16, 26
15, 15
16, 16
13, 13
14, 30
1, 43
12, 26
13, 45
15, 47
12, 18
2, 32
3, 35
7, 31
8, 22
8, 8
6, 6
16, 20
15, 21
17, 45
17, 17
16, 16
15, 15
14, 46
10, 10
23, 31
21, 34
13, 19
14, 14
15, 41
16, 25
17, 23
18, 18
20, 26
21, 25
20, 28
19, 19
23, 39
7, 13
24, 24
10, 12
25, 31
20, 20
13, 13
12, 24
15, 22
14, 20
9, 14
10, 12
8, 14
8, 8
10, 10
8, 12
22, 30
20, 32
19, 31
17, 31
17, 25
15, 27
13, 25
14, 26
10, 16
22, 26
2, 21
1, 19
2, 18
4, 16
11, 11
7, 13
6, 17
3, 17
5, 5
9, 14
23, 23
22, 28
14, 20
18, 30
16, 22
15, 21
18, 24
17, 17
21, 27
19, 26
21, 41
8, 20
24, 30
22, 30
27, 35
26, 46
27, 29
28, 42
25, 31
26, 33
13, 19
12, 18
1, 22
3, 17
6, 15
12, 18
9, 18
5, 15
4, 19
18, 31
16, 36
6, 18
5, 17
7, 19
9, 21
10, 22
11, 23
12, 24
16, 28
22, 28
20, 34
14, 26
15, 31
16, 16
17, 22
18, 18
19, 27
21, 25
22, 38
21, 21
20, 20
24, 38
6, 14
25, 25
9, 9
26, 36
21, 21
14, 22
13, 13
16, 36
15, 21
10, 10
10, 10
9, 13
9, 11
9, 14
7, 7
21, 35
19, 19
18, 26
18, 32
16, 24
14, 28
12, 12
13, 13
11, 11
23, 23
3, 17
2, 2
1, 19
3, 3
12, 12
8, 8
7, 7
4, 4
4, 4
8, 8
24, 24
23, 23
15, 15
17, 17
17, 17
16, 16
19, 19
18, 18
22, 26
20, 20
22, 22
7, 22
25, 25
23, 35
28, 34
27, 31
28, 34
29, 29
26, 26
27, 27
14, 14
13, 13
1, 1
2, 2
5, 16
13, 17
10, 14
6, 15
5, 15
17, 17
17, 17
5, 5
4, 18
6, 6
8, 8
9, 23
10, 10
11, 25
15, 15
20, 28
18, 28
16, 42
17, 43
18, 19
19, 35
20, 20
21, 21
23, 23
22, 30
23, 39
22, 22
26, 46
4, 17
27, 37
7, 15
28, 34
23, 23
16, 38
15, 21
18, 18
17, 37
8, 8
8, 9
11, 11
9, 11
7, 13
5, 16
19, 35
17, 29
16, 37
16, 20
14, 22
12, 30
10, 28
11, 29
13, 13
21, 30
5, 15
4, 4
1, 19
1, 20
14, 14
10, 11
9, 9
6, 6
2, 18
6, 6
26, 26
25, 37
17, 18
15, 33
19, 20
18, 26
21, 43
20, 46
24, 38
22, 48
24, 44
5, 23
27, 35
25, 45
30, 32
29, 37
30, 40
31, 39
28, 36
29, 41
16, 42
15, 15
3, 17
2, 18
3, 17
15, 23
12, 12
8, 12
7, 13
15, 22
17, 19
3, 3
2, 20
4, 4
6, 24
7, 25
8, 26
9, 28
13, 13
21, 31
19, 19
13, 13
14, 14
15, 29
16, 32
17, 17
18, 30
20, 24
21, 21
20, 20
19, 19
23, 33
1, 19
24, 24
4, 4
25, 37
20, 42
13, 21
12, 12
15, 35
14, 36
5, 15
5, 5
8, 14
6, 14
4, 25
2, 2
20, 24
18, 18
17, 21
17, 39
15, 32
13, 29
11, 11
12, 28
10, 16
22, 22
8, 13
7, 7
4, 16
2, 2
11, 23
7, 7
8, 12
9, 11
1, 1
3, 3
23, 23
22, 35
14, 20
16, 16
16, 16
15, 43
18, 30
17, 17
21, 33
19, 38
21, 21
6, 22
24, 24
22, 28
27, 29
26, 32
27, 28
28, 34
25, 25
26, 32
13, 19
12, 24
6, 15
5, 5
3, 3
12, 40
9, 15
9, 9
10, 10
16, 32
16, 16
4, 4
3, 19
5, 5
7, 7
8, 8
9, 9
10, 26
14, 30
11, 11
13, 13
1, 1
2, 2
3, 3
4, 22
5, 5
6, 28
8, 28
9, 9
8, 8
7, 7
11, 23
11, 25
14, 14
9, 25
13, 13
10, 10
3, 3
2, 2
5, 21
4, 22
7, 23
8, 8
4, 34
6, 24
8, 22
10, 10
12, 34
12, 12
11, 15
7, 19
9, 17
11, 25
13, 13
12, 12
2, 2
10, 16
10, 20
11, 11
14, 16
14, 14
1, 1
5, 5
6, 6
9, 35
13, 13
9, 9
13, 13
12, 12
4, 4
10, 10
6, 6
5, 5
8, 26
7, 7
11, 23
9, 9
9, 9
18, 26
12, 12
10, 24
15, 15
14, 20
17, 17
16, 30
15, 15
16, 18
3, 3
2, 32
12, 12
13, 13
15, 15
12, 28
3, 33
7, 23
8, 22
8, 18
6, 20
16, 18
15, 15
17, 19
17, 17
16, 24
15, 15
14, 14
10, 10
14, 31
14, 30
4, 4
5, 41
6, 40
7, 37
8, 8
9, 39
11, 35
12, 33
11, 11
10, 10
14, 40
8, 9
15, 45
6, 22
16, 16
11, 11
4, 30
3, 3
6, 28
5, 29
4, 20
5, 21
1, 1
3, 21
5, 22
7, 17
15, 31
13, 13
12, 28
8, 27
10, 26
12, 24
14, 22
13, 23
1, 1
13, 33
7, 7
8, 17
11, 14
11, 12
2, 2
2, 2
3, 21
6, 18
10, 10
6, 6
14, 14
13, 49
5, 35
11, 11
7, 31
6, 38
9, 41
8, 38
12, 42
10, 10
12, 12
15, 15
15, 41
13, 37
18, 18
17, 21
18, 18
19, 45
16, 16
17, 47
4, 34
3, 33
9, 15
10, 14
12, 12
9, 15
3, 33
4, 20
5, 19
9, 27
7, 29
13, 13
12, 14
14, 14
16, 17
17, 19
16, 20
15, 21
11, 24
18, 30
18, 26
8, 8
9, 9
10, 10
11, 35
12, 12
13, 37
15, 39
16, 16
15, 15
14, 32
18, 34
8, 8
19, 19
6, 6
20, 36
15, 31
8, 30
7, 7
10, 26
9, 29
4, 4
5, 5
3, 19
3, 17
5, 18
7, 7
19, 35
17, 27
16, 26
12, 26
14, 30
16, 22
18, 18
17, 21
5, 5
17, 29
3, 3
4, 4
7, 7
9, 9
6, 6
2, 2
1, 1
2, 18
10, 10
6, 6
18, 44
17, 29
9, 9
15, 15
11, 27
10, 10
13, 49
12, 38
16, 32
14, 14
16, 16
13, 13
19, 19
17, 41
22, 40
21, 21
22, 38
23, 23
20, 20
21, 37
8, 8
7, 7
5, 5
6, 15
8, 8
9, 9
7, 23
4, 20
1, 19
13, 13
11, 27
11, 11
10, 12
12, 12
14, 14
15, 15
16, 16
17, 17
15, 23
19, 27
19, 29
9, 9
10, 10
11, 11
12, 27
13, 13
14, 28
16, 34
17, 17
16, 16
15, 15
19, 33
9, 10
20, 20
7, 7
21, 35
16, 48
9, 27
8, 8
11, 25
10, 24
5, 15
6, 6
4, 18
4, 16
6, 17
8, 8
20, 30
18, 24
17, 27
13, 27
15, 29
17, 19
17, 17
18, 18
6, 20
18, 28
2, 18
3, 3
6, 14
8, 8
7, 7
3, 3
2, 2
1, 19
9, 9
7, 7
19, 19
18, 32
10, 10
16, 22
12, 12
11, 11
14, 14
13, 13
17, 47
15, 37
17, 17
12, 12
20, 20
18, 33
23, 25
22, 42
23, 45
24, 24
21, 21
22, 44
9, 9
8, 8
4, 17
5, 15
7, 7
10, 11
8, 34
5, 19
1, 19
14, 22
12, 32
10, 10
9, 13
11, 11
13, 13
14, 18
15, 15
16, 20
16, 24
7, 7
5, 5
9, 9
10, 10
11, 11
12, 14
13, 13
12, 14
10, 34
9, 9
12, 12
11, 11
15, 19
17, 31
20, 20
15, 28
17, 17
16, 16
5, 5
6, 6
3, 45
4, 4
13, 22
14, 28
10, 38
12, 22
14, 23
16, 16
6, 20
4, 4
3, 23
1, 1
1, 25
3, 33
5, 5
4, 4
8, 8
8, 8
16, 20
17, 17
16, 32
14, 14
7, 7
11, 24
12, 12
15, 27
15, 15
15, 15
19, 29
18, 26
10, 10
2, 2
12, 12
11, 33
14, 14
13, 13
17, 29
15, 33
13, 13
10, 24
16, 16
14, 30
19, 19
18, 22
21, 21
20, 20
21, 21
22, 26
9, 39
8, 8
18, 24
17, 23
15, 15
16, 16
8, 18
9, 26
13, 29
14, 27
2, 24
12, 12
13, 21
11, 11
9, 9
8, 32
7, 7
6, 30
2, 2
9, 9
7, 7
7, 7
8, 8
9, 9
10, 16
11, 11
12, 32
12, 14
11, 11
14, 14
13, 13
17, 27
15, 33
18, 18
13, 31
19, 25
14, 30
3, 3
4, 4
1, 25
2, 2
11, 23
12, 23
8, 38
10, 28
12, 30
14, 14
8, 18
6, 6
5, 21
1, 1
3, 23
5, 5
7, 7
6, 6
6, 6
10, 10
14, 22
15, 15
18, 34
16, 16
5, 5
9, 25
10, 10
13, 25
17, 17
13, 25
17, 27
16, 16
8, 8
4, 4
10, 10
9, 9
12, 32
11, 11
15, 29
13, 31
15, 15
12, 24
18, 26
16, 16
21, 21
20, 24
21, 23
22, 22
19, 25
20, 24
7, 7
6, 6
16, 20
17, 37
17, 35
16, 22
6, 6
7, 7
11, 25
12, 28
2, 2
14, 20
15, 19
13, 21
11, 23
10, 24
9, 9
8, 28
4, 4
17, 27
15, 15
17, 27
18, 26
19, 37
20, 24
21, 25
22, 26
20, 24
19, 29
22, 44
21, 27
25, 31
5, 19
28, 32
8, 17
27, 27
24, 28
17, 31
16, 18
15, 15
16, 18
9, 10
9, 10
12, 14
10, 14
8, 16
6, 18
16, 28
14, 14
13, 33
13, 13
11, 23
9, 9
7, 7
8, 8
14, 16
18, 18
8, 16
7, 17
4, 20
2, 2
15, 15
11, 13
12, 12
9, 15
3, 3
7, 7
27, 37
26, 30
18, 22
12, 24
20, 42
19, 43
22, 26
21, 41
25, 29
23, 37
23, 23
2, 2
26, 26
24, 38
29, 37
28, 28
31, 35
30, 36
29, 33
30, 32
17, 21
16, 20
6, 18
5, 19
3, 3
4, 20
16, 28
13, 15
11, 13
10, 14
12, 12
14, 38
1, 1
1, 1
3, 3
4, 4
5, 5
6, 6
10, 24
18, 32
16, 34
16, 28
17, 23
18, 26
19, 25
20, 26
21, 33
21, 29
20, 48
23, 45
22, 28
26, 42
4, 18
27, 35
7, 16
28, 28
23, 45
16, 32
15, 31
16, 18
17, 17
8, 9
8, 15
11, 13
9, 13
7, 15
5, 5
17, 27
15, 15
14, 36
14, 22
12, 22
10, 10
8, 8
9, 9
13, 15
19, 19
7, 15
6, 16
3, 19
1, 1
14, 20
10, 11
11, 11
8, 14
2, 2
6, 6
26, 32
25, 37
17, 17
13, 13
19, 49
18, 24
21, 27
20, 36
24, 38
22, 46
24, 30
3, 3
27, 33
25, 43
30, 30
29, 35
30, 36
31, 31
28, 34
29, 39
16, 22
15, 15
5, 17
4, 18
2, 20
3, 19
15, 29
12, 14
10, 10
9, 13
13, 21
15, 15
1, 1
2, 2
4, 4
5, 5
6, 6
7, 7
11, 23
16, 30
14, 14
18, 19
19, 25
20, 48
21, 23
22, 22
21, 25
19, 19
18, 28
21, 43
20, 26
24, 28
6, 20
29, 41
9, 9
26, 32
25, 25
16, 30
17, 17
14, 20
15, 19
10, 16
10, 17
13, 27
11, 15
9, 12
7, 19
15, 29
13, 13
12, 34
12, 22
10, 10
8, 8
6, 6
7, 7
15, 16
17, 29
9, 17
8, 18
5, 5
3, 3
16, 18
12, 14
13, 13
10, 10
4, 22
8, 18
28, 34
27, 29
19, 49
11, 11
21, 23
20, 22
23, 39
22, 24
26, 36
24, 38
22, 28
1, 1
25, 31
23, 41
28, 34
27, 33
30, 32
29, 33
30, 32
31, 37
18, 50
17, 45
7, 7
6, 20
4, 4
5, 21
17, 19
14, 16
12, 12
11, 11
11, 23
13, 21
1, 1
2, 2
2, 2
3, 3
4, 4
5, 5
9, 9
14, 28
12, 30
18, 24
19, 27
20, 24
21, 25
20, 24
19, 43
17, 35
16, 16
19, 25
18, 18
22, 28
8, 22
29, 37
11, 14
24, 36
25, 35
14, 20
15, 15
12, 12
13, 21
12, 12
12, 19
15, 17
13, 13
11, 14
9, 9
13, 13
11, 31
10, 32
10, 24
8, 8
6, 6
4, 4
5, 5
17, 19
15, 15
11, 19
10, 20
7, 7
5, 5
16, 26
14, 15
15, 16
12, 18
6, 6
10, 10
28, 28
27, 39
19, 19
9, 9
21, 21
20, 46
23, 37
22, 22
26, 40
24, 42
20, 20
1, 1
23, 23
21, 27
26, 34
25, 33
28, 34
27, 33
30, 32
29, 31
18, 18
17, 19
9, 22
8, 22
6, 6
7, 23
17, 21
16, 17
14, 14
13, 17
9, 9
11, 23
3, 3
4, 4
2, 2
1, 1
2, 2
3, 3
7, 7
13, 27
11, 29
17, 23
18, 22
19, 27
20, 44
19, 25
18, 26
16, 24
15, 25
18, 24
17, 17
21, 27
9, 9
28, 36
12, 21
23, 29
24, 24
13, 13
14, 14
11, 11
12, 22
13, 19
13, 20
16, 18
14, 18
12, 12
10, 22
12, 28
10, 10
9, 35
9, 25
7, 7
5, 5
3, 3
4, 4
16, 18
14, 26
12, 12
11, 21
8, 24
6, 6
15, 15
15, 17
16, 16
13, 20
7, 25
11, 21
27, 31
26, 38
18, 28
8, 8
20, 24
19, 39
22, 36
21, 21
25, 39
23, 45
19, 39
2, 2
22, 28
20, 40
25, 25
24, 34
27, 27
26, 32
29, 35
28, 28
17, 17
16, 42
10, 10
9, 23
7, 25
8, 24
16, 24
17, 19
15, 17
14, 18
8, 8
10, 48
4, 4
5, 5
3, 3
1, 1
1, 1
2, 2
6, 6
12, 26
10, 10
16, 22
17, 21
18, 20
19, 49
18, 26
17, 27
15, 23
14, 36
17, 23
16, 16
20, 26
10, 24
27, 37
13, 16
22, 22
23, 29
12, 26
13, 21
10, 24
11, 23
14, 20
14, 21
17, 18
15, 19
13, 21
11, 23
11, 27
9, 47
8, 30
8, 8
6, 28
4, 4
2, 2
3, 3
15, 21
13, 25
13, 21
12, 22
9, 25
7, 7
14, 24
16, 18
17, 17
14, 14
8, 27
12, 22
26, 30
25, 31
17, 45
7, 31
19, 43
18, 18
21, 27
20, 36
24, 38
22, 32
18, 38
3, 3
21, 21
19, 37
24, 36
23, 33
26, 26
25, 31
28, 34
27, 33
16, 46
15, 15
11, 23
10, 24
8, 26
9, 25
15, 23
16, 20
16, 19
15, 20
7, 41
9, 29
5, 5
6, 6
4, 4
2, 2
1, 1
1, 1
5, 29
11, 11
9, 27
15, 21
16, 16
17, 17
18, 26
17, 17
16, 28
14, 22
13, 13
16, 16
15, 15
19, 35
11, 11
26, 26
14, 23
21, 33
22, 22
11, 23
12, 12
9, 25
10, 10
15, 16
15, 16
16, 20
16, 20
14, 22
12, 12
10, 10
8, 8
7, 31
7, 7
5, 5
3, 3
1, 1
2, 2
14, 21
12, 24
14, 22
13, 13
10, 26
8, 8
13, 13
17, 18
18, 18
15, 21
9, 9
13, 13
25, 35
24, 34
16, 16
6, 6
18, 18
17, 43
20, 40
19, 19
23, 33
21, 21
17, 17
4, 4
20, 20
18, 36
23, 31
22, 32
25, 25
24, 24
27, 27
26, 26
15, 15
14, 22
12, 12
11, 11
9, 9
10, 10
14, 46
15, 20
17, 17
16, 16
6, 6
8, 8
6, 6
7, 7
5, 5
3, 3
2, 2
1, 1
4, 4
7, 21
5, 5
11, 11
12, 16
13, 15
14, 14
13, 15
12, 12
10, 36
9, 9
12, 18
11, 11
15, 15
15, 15
22, 22
17, 18
17, 29
18, 28
7, 7
8, 20
5, 5
6, 6
15, 20
16, 20
12, 23
14, 21
16, 21
16, 16
6, 6
4, 24
3, 25
3, 3
1, 1
1, 1
3, 3
2, 2
10, 24
8, 8
18, 18
17, 17
14, 14
12, 12
9, 9
13, 22
14, 22
17, 19
13, 13
17, 17
21, 25
20, 26
12, 12
2, 26
14, 14
13, 39
16, 16
15, 31
19, 27
17, 29
13, 13
8, 8
16, 22
14, 14
19, 19
18, 18
21, 27
20, 26
23, 23
22, 24
11, 11
10, 36
16, 16
15, 15
13, 13
14, 14
10, 18
11, 24
15, 21
16, 20
2, 2
4, 4
10, 10
11, 11
9, 9
7, 7
6, 6
5, 5
4, 4
